Using pre-set license
Built from '2022.3/staging' branch; Version is '2022.3.17f1 (4fc78088f837) revision 5228416'; Using compiler version '192829333'; Build Type 'Release'
OS: 'Windows 11  (10.0.22621) 64bit Core' Language: 'en' Physical Memory: 16125 MB
BatchMode: 1, IsHumanControllingUs: 0, StartBugReporterOnCrash: 0, Is64bit: 1, IsPro: 1

COMMAND LINE ARGUMENTS:
C:\Program Files\Unity\Hub\Editor\2022.3.17f1\Editor\Unity.exe
-adb2
-batchMode
-noUpm
-name
AssetImportWorker2
-projectPath
C:/Users/Yume/Desktop/gamedev/backup/The Tower of Tartarus
-logFile
Logs/AssetImportWorker2.log
-srvPort
55649
Successfully changed project path to: C:/Users/Yume/Desktop/gamedev/backup/The Tower of Tartarus
C:/Users/Yume/Desktop/gamedev/backup/The Tower of Tartarus
[UnityMemory] Configuration Parameters - Can be set up in boot.config
    "memorysetup-bucket-allocator-granularity=16"
    "memorysetup-bucket-allocator-bucket-count=8"
    "memorysetup-bucket-allocator-block-size=33554432"
    "memorysetup-bucket-allocator-block-count=8"
    "memorysetup-main-allocator-block-size=16777216"
    "memorysetup-thread-allocator-block-size=16777216"
    "memorysetup-gfx-main-allocator-block-size=16777216"
    "memorysetup-gfx-thread-allocator-block-size=16777216"
    "memorysetup-cache-allocator-block-size=4194304"
    "memorysetup-typetree-allocator-block-size=2097152"
    "memorysetup-profiler-bucket-allocator-granularity=16"
    "memorysetup-profiler-bucket-allocator-bucket-count=8"
    "memorysetup-profiler-bucket-allocator-block-size=33554432"
    "memorysetup-profiler-bucket-allocator-block-count=8"
    "memorysetup-profiler-allocator-block-size=16777216"
    "memorysetup-profiler-editor-allocator-block-size=1048576"
    "memorysetup-temp-allocator-size-main=16777216"
    "memorysetup-job-temp-allocator-block-size=2097152"
    "memorysetup-job-temp-allocator-block-size-background=1048576"
    "memorysetup-job-temp-allocator-reduction-small-platforms=262144"
    "memorysetup-allocator-temp-initial-block-size-main=262144"
    "memorysetup-allocator-temp-initial-block-size-worker=262144"
    "memorysetup-temp-allocator-size-background-worker=32768"
    "memorysetup-temp-allocator-size-job-worker=262144"
    "memorysetup-temp-allocator-size-preload-manager=33554432"
    "memorysetup-temp-allocator-size-nav-mesh-worker=65536"
    "memorysetup-temp-allocator-size-audio-worker=65536"
    "memorysetup-temp-allocator-size-cloud-worker=32768"
    "memorysetup-temp-allocator-size-gi-baking-worker=262144"
    "memorysetup-temp-allocator-size-gfx=262144"
Player connection [20336] Host "[IP] 192.168.56.1 [Port] 0 [Flags] 2 [Guid] 228626064 [EditorId] 228626064 [Version] 1048832 [Id] WindowsEditor(7,DESKTOP-SA6D9TM) [Debug] 1 [PackageName] WindowsEditor [ProjectName] Editor" joined multi-casting on [225.0.0.222:54997]...

Player connection [20336] Host "[IP] 192.168.56.1 [Port] 0 [Flags] 2 [Guid] 228626064 [EditorId] 228626064 [Version] 1048832 [Id] WindowsEditor(7,DESKTOP-SA6D9TM) [Debug] 1 [PackageName] WindowsEditor [ProjectName] Editor" joined alternative multi-casting on [225.0.0.222:34997]...

[Physics::Module] Initialized MultithreadedJobDispatcher with 19 workers.
Refreshing native plugins compatible for Editor in 152.53 ms, found 4 plugins.
Preloading 0 native plugins for Editor in 0.00 ms.
Initialize engine version: 2022.3.17f1 (4fc78088f837)
[Subsystems] Discovering subsystems at path C:/Program Files/Unity/Hub/Editor/2022.3.17f1/Editor/Data/Resources/UnitySubsystems
[Subsystems] Discovering subsystems at path C:/Users/Yume/Desktop/gamedev/backup/The Tower of Tartarus/Assets
GfxDevice: creating device client; threaded=0; jobified=0
Direct3D:
    Version:  Direct3D 11.0 [level 11.1]
    Renderer: NVIDIA GeForce RTX 3080 (ID=0x2216)
    Vendor:   NVIDIA
    VRAM:     10067 MB
    Driver:   31.0.15.3713
Initialize mono
Mono path[0] = 'C:/Program Files/Unity/Hub/Editor/2022.3.17f1/Editor/Data/Managed'
Mono path[1] = 'C:/Program Files/Unity/Hub/Editor/2022.3.17f1/Editor/Data/MonoBleedingEdge/lib/mono/unityjit-win32'
Mono config path = 'C:/Program Files/Unity/Hub/Editor/2022.3.17f1/Editor/Data/MonoBleedingEdge/etc'
Using monoOptions --debugger-agent=transport=dt_socket,embedding=1,server=y,suspend=n,address=127.0.0.1:56008
Begin MonoManager ReloadAssembly
Registering precompiled unity dll's ...
Register platform support module: C:/Program Files/Unity/Hub/Editor/2022.3.17f1/Editor/Data/PlaybackEngines/WindowsStandaloneSupport/UnityEditor.WindowsStandalone.Extensions.dll
Registered in 0.005523 seconds.
- Loaded All Assemblies, in  0.242 seconds
Native extension for WindowsStandalone target not found
Mono: successfully reloaded assembly
- Finished resetting the current domain, in  0.179 seconds
Domain Reload Profiling: 419ms
	BeginReloadAssembly (71ms)
		ExecutionOrderSort (0ms)
		DisableScriptedObjects (0ms)
		BackupInstance (0ms)
		ReleaseScriptingObjects (0ms)
		CreateAndSetChildDomain (0ms)
	RebuildCommonClasses (24ms)
	RebuildNativeTypeToScriptingClass (7ms)
	initialDomainReloadingComplete (44ms)
	LoadAllAssembliesAndSetupDomain (94ms)
		LoadAssemblies (70ms)
		RebuildTransferFunctionScriptingTraits (0ms)
		AnalyzeDomain (92ms)
			TypeCache.Refresh (91ms)
				TypeCache.ScanAssembly (83ms)
			ScanForSourceGeneratedMonoScriptInfo (0ms)
			ResolveRequiredComponents (0ms)
	FinalizeReload (179ms)
		ReleaseScriptCaches (0ms)
		RebuildScriptCaches (0ms)
		SetupLoadedEditorAssemblies (144ms)
			LogAssemblyErrors (0ms)
			InitializePlatformSupportModulesInManaged (5ms)
			SetLoadedEditorAssemblies (5ms)
			RefreshPlugins (0ms)
			BeforeProcessingInitializeOnLoad (1ms)
			ProcessInitializeOnLoadAttributes (97ms)
			ProcessInitializeOnLoadMethodAttributes (35ms)
			AfterProcessingInitializeOnLoad (0ms)
			EditorAssembliesLoaded (0ms)
		ExecutionOrderSort2 (0ms)
		AwakeInstancesAfterBackupRestoration (0ms)
========================================================================
Worker process is ready to serve import requests
Begin MonoManager ReloadAssembly
- Loaded All Assemblies, in  0.595 seconds
Refreshing native plugins compatible for Editor in 2.99 ms, found 4 plugins.
Native extension for WindowsStandalone target not found
Package Manager log level set to [2]
[Package Manager] Server::EnsureServerProcessIsRunning -- launch failed, reason: Unity was launched with the -noUpm command-line argument
[Package Manager] UpmClient::Send -- Unable to send message (not connected to UPM process).
[Package Manager] Cannot connect to Unity Package Manager local server
Mono: successfully reloaded assembly
- Finished resetting the current domain, in  0.497 seconds
Domain Reload Profiling: 1089ms
	BeginReloadAssembly (106ms)
		ExecutionOrderSort (0ms)
		DisableScriptedObjects (4ms)
		BackupInstance (0ms)
		ReleaseScriptingObjects (0ms)
		CreateAndSetChildDomain (14ms)
	RebuildCommonClasses (24ms)
	RebuildNativeTypeToScriptingClass (7ms)
	initialDomainReloadingComplete (32ms)
	LoadAllAssembliesAndSetupDomain (423ms)
		LoadAssemblies (299ms)
		RebuildTransferFunctionScriptingTraits (0ms)
		AnalyzeDomain (188ms)
			TypeCache.Refresh (158ms)
				TypeCache.ScanAssembly (142ms)
			ScanForSourceGeneratedMonoScriptInfo (23ms)
			ResolveRequiredComponents (6ms)
	FinalizeReload (497ms)
		ReleaseScriptCaches (0ms)
		RebuildScriptCaches (0ms)
		SetupLoadedEditorAssemblies (382ms)
			LogAssemblyErrors (0ms)
			InitializePlatformSupportModulesInManaged (4ms)
			SetLoadedEditorAssemblies (3ms)
			RefreshPlugins (0ms)
			BeforeProcessingInitializeOnLoad (56ms)
			ProcessInitializeOnLoadAttributes (258ms)
			ProcessInitializeOnLoadMethodAttributes (56ms)
			AfterProcessingInitializeOnLoad (4ms)
			EditorAssembliesLoaded (0ms)
		ExecutionOrderSort2 (0ms)
		AwakeInstancesAfterBackupRestoration (4ms)
Launched and connected shader compiler UnityShaderCompiler.exe after 0.07 seconds
Refreshing native plugins compatible for Editor in 3.29 ms, found 4 plugins.
Preloading 0 native plugins for Editor in 0.00 ms.
Unloading 5760 Unused Serialized files (Serialized files now loaded: 0)
Unloading 92 unused Assets / (0.5 MB). Loaded Objects now: 6219.
Memory consumption went from 229.1 MB to 228.6 MB.
Total: 2.573100 ms (FindLiveObjects: 0.242000 ms CreateObjectMapping: 0.154200 ms MarkObjects: 1.987500 ms  DeleteObjects: 0.188800 ms)

AssetImportParameters requested are different than current active one (requested -> active):
  custom:container-demuxer-ogg: 62fdf1f143b41e24485cea50d1cbac27 -> 
  custom:scripting/monoscript/fileName/PauseMenuHandler.cs: 63e492578be54747d7921dad4c36f814 -> 98977a618776f7e77791ee16bf785989
  custom:video-codec-MediaFoundation-h265: 746d11721c4dcdbdad8f713fa42b33f4 -> 
  custom:scripting/monoscript/fileName/AudioManager.cs: 0aef3caba4c1c1b0bc8bd1dca2fef31d -> e8310be4479956b7ccf5d41d9f0f6e53
  custom:video-decoder-ogg-theora: a1e56fd34408186e4bbccfd4996cb3dc -> 
  custom:framework-win-MediaFoundation: 216162199b28c13a410421893ffa2e32 -> 
  custom:scripting/monoscript/fileName/DeathFader.cs: 2466b80cd45ad4ff1eceea3f7afb4fc2 -> a1c48ceb271907b04a569930300c62e4
  custom:scripting/monoscript/fileName/LevelEnd.cs: 85bb356e39eb49a3cc36d45d7f908727 -> ee9ee2140b089a518457b5cb8f10b0a0
  custom:scripting/monoscript/fileName/ScreenFader.cs: d02d8b3f4bbd1b4f598c8d0fb13ace6b -> fc03e10c61a24d3d1916b7f5183a02f9
  custom:CustomObjectIndexerAttribute: 62b5816608c3102f162a1797e29626cf -> 
  custom:container-demuxer-webm: 4f35f7cbe854078d1ac9338744f61a02 -> 
  custom:scripting/monoscript/fileName/TitleFader.cs: 54c0b1f21b53f8714bc3491d863865ee -> adf2dfb25fdb96e66c695fe36d69d572
  custom:scripting/monoscript/fileName/DeathScreenHandler.cs: 74837b7915a11ba4d092a78a243960cd -> c55f3c7568741d555a173bf01e12dc79
  custom:scripting/monoscript/fileName/GenRoom.cs: 78b0fa851693aa4c1bcfb99d20bc0743 -> ee35cd29df1ab96f74256605c20a4750
  custom:container-muxer-webm: aa71ff27fc2769a1b78a27578f13a17b -> 
  custom:video-decoder-webm-vp8: 9c59270c3fd7afecdb556c50c9e8de78 -> 
  custom:SearchIndexIgnoredProperties: e643bd26f0fe6173181afceb89e7c659 -> 
  custom:AudioImporter_EditorPlatform: d09bf68614088b80899f8185d706f6e7 -> 
  custom:scripting/monoscript/fileName/LevelGenerator.cs: 3c18f70e244c78b16dfddd0e0f10a8e6 -> 399fb986403f6e527e4745b8ddd079e9
  custom:scripting/monoscript/fileName/TitleScreenHandler.cs: 48b8b520db18a2082bc0083d2f6f7df1 -> 10a85f7abb7386c789e6b2d4cc5a24e0
  custom:video-encoder-webm-vp8: eb34c28f22e8b96e1ab97ce403110664 -> 
  custom:audio-decoder-ogg-vorbis: bf7c407c2cedff20999df2af8eb42d56 -> 
  custom:audio-encoder-webm-vorbis: bf7c407c2cedff20999df2af8eb42d56 -> 
========================================================================
Received Prepare
Begin MonoManager ReloadAssembly
- Loaded All Assemblies, in  0.342 seconds
Refreshing native plugins compatible for Editor in 3.29 ms, found 4 plugins.
Native extension for WindowsStandalone target not found
[Package Manager] Server::EnsureServerProcessIsRunning -- launch failed, reason: Unity was launched with the -noUpm command-line argument
[Package Manager] UpmClient::Send -- Unable to send message (not connected to UPM process).
[Package Manager] Cannot connect to Unity Package Manager local server
Mono: successfully reloaded assembly
- Finished resetting the current domain, in  0.851 seconds
Domain Reload Profiling: 1191ms
	BeginReloadAssembly (113ms)
		ExecutionOrderSort (0ms)
		DisableScriptedObjects (7ms)
		BackupInstance (0ms)
		ReleaseScriptingObjects (0ms)
		CreateAndSetChildDomain (26ms)
	RebuildCommonClasses (26ms)
	RebuildNativeTypeToScriptingClass (7ms)
	initialDomainReloadingComplete (19ms)
	LoadAllAssembliesAndSetupDomain (174ms)
		LoadAssemblies (213ms)
		RebuildTransferFunctionScriptingTraits (0ms)
		AnalyzeDomain (17ms)
			TypeCache.Refresh (5ms)
				TypeCache.ScanAssembly (0ms)
			ScanForSourceGeneratedMonoScriptInfo (0ms)
			ResolveRequiredComponents (10ms)
	FinalizeReload (851ms)
		ReleaseScriptCaches (0ms)
		RebuildScriptCaches (0ms)
		SetupLoadedEditorAssemblies (377ms)
			LogAssemblyErrors (0ms)
			InitializePlatformSupportModulesInManaged (4ms)
			SetLoadedEditorAssemblies (4ms)
			RefreshPlugins (0ms)
			BeforeProcessingInitializeOnLoad (58ms)
			ProcessInitializeOnLoadAttributes (241ms)
			ProcessInitializeOnLoadMethodAttributes (65ms)
			AfterProcessingInitializeOnLoad (5ms)
			EditorAssembliesLoaded (0ms)
		ExecutionOrderSort2 (0ms)
		AwakeInstancesAfterBackupRestoration (12ms)
Refreshing native plugins compatible for Editor in 4.63 ms, found 4 plugins.
Preloading 0 native plugins for Editor in 0.00 ms.
Unloading 5599 Unused Serialized files (Serialized files now loaded: 0)
Unloading 55 unused Assets / (504.9 KB). Loaded Objects now: 6225.
Memory consumption went from 202.6 MB to 202.1 MB.
Total: 3.284200 ms (FindLiveObjects: 0.279700 ms CreateObjectMapping: 0.293700 ms MarkObjects: 2.521100 ms  DeleteObjects: 0.189100 ms)

Prepare: number of updated asset objects reloaded= 0
AssetImportParameters requested are different than current active one (requested -> active):
  custom:container-demuxer-ogg: 62fdf1f143b41e24485cea50d1cbac27 -> 
  custom:scripting/monoscript/fileName/PauseMenuHandler.cs: 63e492578be54747d7921dad4c36f814 -> 98977a618776f7e77791ee16bf785989
  custom:video-codec-MediaFoundation-h265: 746d11721c4dcdbdad8f713fa42b33f4 -> 
  custom:scripting/monoscript/fileName/AudioManager.cs: 0aef3caba4c1c1b0bc8bd1dca2fef31d -> e8310be4479956b7ccf5d41d9f0f6e53
  custom:video-decoder-ogg-theora: a1e56fd34408186e4bbccfd4996cb3dc -> 
  custom:framework-win-MediaFoundation: 216162199b28c13a410421893ffa2e32 -> 
  custom:scripting/monoscript/fileName/DeathFader.cs: 2466b80cd45ad4ff1eceea3f7afb4fc2 -> a1c48ceb271907b04a569930300c62e4
  custom:scripting/monoscript/fileName/LevelEnd.cs: 85bb356e39eb49a3cc36d45d7f908727 -> ee9ee2140b089a518457b5cb8f10b0a0
  custom:scripting/monoscript/fileName/ScreenFader.cs: d02d8b3f4bbd1b4f598c8d0fb13ace6b -> fc03e10c61a24d3d1916b7f5183a02f9
  custom:CustomObjectIndexerAttribute: 62b5816608c3102f162a1797e29626cf -> 
  custom:container-demuxer-webm: 4f35f7cbe854078d1ac9338744f61a02 -> 
  custom:scripting/monoscript/fileName/TitleFader.cs: 54c0b1f21b53f8714bc3491d863865ee -> adf2dfb25fdb96e66c695fe36d69d572
  custom:scripting/monoscript/fileName/DeathScreenHandler.cs: 74837b7915a11ba4d092a78a243960cd -> c55f3c7568741d555a173bf01e12dc79
  custom:scripting/monoscript/fileName/GenRoom.cs: 78b0fa851693aa4c1bcfb99d20bc0743 -> ee35cd29df1ab96f74256605c20a4750
  custom:container-muxer-webm: aa71ff27fc2769a1b78a27578f13a17b -> 
  custom:video-decoder-webm-vp8: 9c59270c3fd7afecdb556c50c9e8de78 -> 
  custom:SearchIndexIgnoredProperties: e643bd26f0fe6173181afceb89e7c659 -> 
  custom:AudioImporter_EditorPlatform: d09bf68614088b80899f8185d706f6e7 -> 
  custom:scripting/monoscript/fileName/LevelGenerator.cs: 3c18f70e244c78b16dfddd0e0f10a8e6 -> 399fb986403f6e527e4745b8ddd079e9
  custom:scripting/monoscript/fileName/TitleScreenHandler.cs: 48b8b520db18a2082bc0083d2f6f7df1 -> 10a85f7abb7386c789e6b2d4cc5a24e0
  custom:video-encoder-webm-vp8: eb34c28f22e8b96e1ab97ce403110664 -> 
  custom:audio-decoder-ogg-vorbis: bf7c407c2cedff20999df2af8eb42d56 -> 
  custom:audio-encoder-webm-vorbis: bf7c407c2cedff20999df2af8eb42d56 -> 
========================================================================
Received Import Request.
  Time since last request: 85662.211221 seconds.
  path: Assets/Audio/item-pickup_H18zlT2B.mp3
  artifactKey: Guid(bd84c6112a44fe34ab86616e94d1645e) Importer(815301076,1909f56bfc062723c751e8b465ee728b)
Start importing Assets/Audio/item-pickup_H18zlT2B.mp3 using Guid(bd84c6112a44fe34ab86616e94d1645e) Importer(815301076,1909f56bfc062723c751e8b465ee728b)  -> (artifact id: '448e7721257a0094816328663408f270') in 0.075711 seconds
Number of updated asset objects reloaded before import = 0
Number of asset objects unloaded after import = 2
========================================================================
Received Prepare
Begin MonoManager ReloadAssembly
- Loaded All Assemblies, in  0.327 seconds
Refreshing native plugins compatible for Editor in 3.15 ms, found 4 plugins.
Native extension for WindowsStandalone target not found
[Package Manager] Server::EnsureServerProcessIsRunning -- launch failed, reason: Unity was launched with the -noUpm command-line argument
[Package Manager] UpmClient::Send -- Unable to send message (not connected to UPM process).
[Package Manager] Cannot connect to Unity Package Manager local server
Mono: successfully reloaded assembly
- Finished resetting the current domain, in  0.832 seconds
Domain Reload Profiling: 1157ms
	BeginReloadAssembly (114ms)
		ExecutionOrderSort (0ms)
		DisableScriptedObjects (6ms)
		BackupInstance (0ms)
		ReleaseScriptingObjects (0ms)
		CreateAndSetChildDomain (28ms)
	RebuildCommonClasses (20ms)
	RebuildNativeTypeToScriptingClass (7ms)
	initialDomainReloadingComplete (21ms)
	LoadAllAssembliesAndSetupDomain (164ms)
		LoadAssemblies (206ms)
		RebuildTransferFunctionScriptingTraits (0ms)
		AnalyzeDomain (13ms)
			TypeCache.Refresh (5ms)
				TypeCache.ScanAssembly (0ms)
			ScanForSourceGeneratedMonoScriptInfo (0ms)
			ResolveRequiredComponents (8ms)
	FinalizeReload (832ms)
		ReleaseScriptCaches (0ms)
		RebuildScriptCaches (0ms)
		SetupLoadedEditorAssemblies (367ms)
			LogAssemblyErrors (0ms)
			InitializePlatformSupportModulesInManaged (4ms)
			SetLoadedEditorAssemblies (3ms)
			RefreshPlugins (0ms)
			BeforeProcessingInitializeOnLoad (57ms)
			ProcessInitializeOnLoadAttributes (234ms)
			ProcessInitializeOnLoadMethodAttributes (64ms)
			AfterProcessingInitializeOnLoad (5ms)
			EditorAssembliesLoaded (0ms)
		ExecutionOrderSort2 (0ms)
		AwakeInstancesAfterBackupRestoration (12ms)
Refreshing native plugins compatible for Editor in 4.49 ms, found 4 plugins.
Preloading 0 native plugins for Editor in 0.00 ms.
Unloading 5599 Unused Serialized files (Serialized files now loaded: 0)
Unloading 55 unused Assets / (505.1 KB). Loaded Objects now: 6240.
Memory consumption went from 208.7 MB to 208.2 MB.
Total: 3.832300 ms (FindLiveObjects: 0.382100 ms CreateObjectMapping: 0.403700 ms MarkObjects: 2.795700 ms  DeleteObjects: 0.249700 ms)

Prepare: number of updated asset objects reloaded= 0
AssetImportParameters requested are different than current active one (requested -> active):
  custom:container-demuxer-ogg: 62fdf1f143b41e24485cea50d1cbac27 -> 
  custom:scripting/monoscript/fileName/PauseMenuHandler.cs: 63e492578be54747d7921dad4c36f814 -> 98977a618776f7e77791ee16bf785989
  custom:video-codec-MediaFoundation-h265: 746d11721c4dcdbdad8f713fa42b33f4 -> 
  custom:scripting/monoscript/fileName/AudioManager.cs: 0aef3caba4c1c1b0bc8bd1dca2fef31d -> e8310be4479956b7ccf5d41d9f0f6e53
  custom:video-decoder-ogg-theora: a1e56fd34408186e4bbccfd4996cb3dc -> 
  custom:framework-win-MediaFoundation: 216162199b28c13a410421893ffa2e32 -> 
  custom:scripting/monoscript/fileName/DeathFader.cs: 2466b80cd45ad4ff1eceea3f7afb4fc2 -> a1c48ceb271907b04a569930300c62e4
  custom:scripting/monoscript/fileName/LevelEnd.cs: 85bb356e39eb49a3cc36d45d7f908727 -> ee9ee2140b089a518457b5cb8f10b0a0
  custom:scripting/monoscript/fileName/ScreenFader.cs: d02d8b3f4bbd1b4f598c8d0fb13ace6b -> fc03e10c61a24d3d1916b7f5183a02f9
  custom:CustomObjectIndexerAttribute: 62b5816608c3102f162a1797e29626cf -> 
  custom:container-demuxer-webm: 4f35f7cbe854078d1ac9338744f61a02 -> 
  custom:scripting/monoscript/fileName/TitleFader.cs: 54c0b1f21b53f8714bc3491d863865ee -> adf2dfb25fdb96e66c695fe36d69d572
  custom:scripting/monoscript/fileName/DeathScreenHandler.cs: 74837b7915a11ba4d092a78a243960cd -> c55f3c7568741d555a173bf01e12dc79
  custom:scripting/monoscript/fileName/GenRoom.cs: 78b0fa851693aa4c1bcfb99d20bc0743 -> ee35cd29df1ab96f74256605c20a4750
  custom:container-muxer-webm: aa71ff27fc2769a1b78a27578f13a17b -> 
  custom:video-decoder-webm-vp8: 9c59270c3fd7afecdb556c50c9e8de78 -> 
  custom:SearchIndexIgnoredProperties: e643bd26f0fe6173181afceb89e7c659 -> 
  custom:AudioImporter_EditorPlatform: d09bf68614088b80899f8185d706f6e7 -> 
  custom:scripting/monoscript/fileName/LevelGenerator.cs: 3c18f70e244c78b16dfddd0e0f10a8e6 -> 399fb986403f6e527e4745b8ddd079e9
  custom:scripting/monoscript/fileName/TitleScreenHandler.cs: 48b8b520db18a2082bc0083d2f6f7df1 -> 10a85f7abb7386c789e6b2d4cc5a24e0
  custom:video-encoder-webm-vp8: eb34c28f22e8b96e1ab97ce403110664 -> 
  custom:audio-decoder-ogg-vorbis: bf7c407c2cedff20999df2af8eb42d56 -> 
  custom:audio-encoder-webm-vorbis: bf7c407c2cedff20999df2af8eb42d56 -> 
========================================================================
Received Import Request.
  Time since last request: 119.572738 seconds.
  path: Assets/Audio/player-death_KlADQCZ5.mp3
  artifactKey: Guid(77236299e146fa34dbc273b6d5fb927d) Importer(815301076,1909f56bfc062723c751e8b465ee728b)
Start importing Assets/Audio/player-death_KlADQCZ5.mp3 using Guid(77236299e146fa34dbc273b6d5fb927d) Importer(815301076,1909f56bfc062723c751e8b465ee728b)  -> (artifact id: '577c3ee1371b24e4822ed00d3f3c7a58') in 0.043254 seconds
Number of updated asset objects reloaded before import = 0
Number of asset objects unloaded after import = 2
========================================================================
Received Import Request.
  Time since last request: 3.778359 seconds.
  path: Assets/Audio/enemy-death_5tZ5wBIV.mp3
  artifactKey: Guid(06c920c1b4602f24396ea4cfe0b0e3e1) Importer(815301076,1909f56bfc062723c751e8b465ee728b)
Start importing Assets/Audio/enemy-death_5tZ5wBIV.mp3 using Guid(06c920c1b4602f24396ea4cfe0b0e3e1) Importer(815301076,1909f56bfc062723c751e8b465ee728b)  -> (artifact id: '31fd8c077d88cf8b9d2d06dd68999eec') in 0.015289 seconds
Number of updated asset objects reloaded before import = 0
Number of asset objects unloaded after import = 2
========================================================================
Received Import Request.
  Time since last request: 6.834716 seconds.
  path: Assets/Audio/itemPickup.mp3
  artifactKey: Guid(bd84c6112a44fe34ab86616e94d1645e) Importer(815301076,1909f56bfc062723c751e8b465ee728b)
Start importing Assets/Audio/itemPickup.mp3 using Guid(bd84c6112a44fe34ab86616e94d1645e) Importer(815301076,1909f56bfc062723c751e8b465ee728b)  -> (artifact id: 'cd50f31179052c1d649d1830044a023a') in 0.004975 seconds
Number of updated asset objects reloaded before import = 0
Number of asset objects unloaded after import = 2
========================================================================
Received Import Request.
  Time since last request: 5.012528 seconds.
  path: Assets/Audio/enemyDeath.mp3
  artifactKey: Guid(06c920c1b4602f24396ea4cfe0b0e3e1) Importer(815301076,1909f56bfc062723c751e8b465ee728b)
Start importing Assets/Audio/enemyDeath.mp3 using Guid(06c920c1b4602f24396ea4cfe0b0e3e1) Importer(815301076,1909f56bfc062723c751e8b465ee728b)  -> (artifact id: '7f09e8c9bcc5a6631dde9651c12d1eb8') in 0.004388 seconds
Number of updated asset objects reloaded before import = 0
Number of asset objects unloaded after import = 2
========================================================================
Received Import Request.
  Time since last request: 5.365688 seconds.
  path: Assets/Audio/playerDeath.mp3
  artifactKey: Guid(77236299e146fa34dbc273b6d5fb927d) Importer(815301076,1909f56bfc062723c751e8b465ee728b)
Start importing Assets/Audio/playerDeath.mp3 using Guid(77236299e146fa34dbc273b6d5fb927d) Importer(815301076,1909f56bfc062723c751e8b465ee728b)  -> (artifact id: '003afec327eeedd232169be07e14e0e1') in 0.004553 seconds
Number of updated asset objects reloaded before import = 0
Number of asset objects unloaded after import = 2
========================================================================
Received Import Request.
  Time since last request: 11.012641 seconds.
  path: Assets/prefabs/Enemies/Ghost.prefab
  artifactKey: Guid(3a9c0077a7f719b498e7d0006c4a262e) Importer(815301076,1909f56bfc062723c751e8b465ee728b)
Start importing Assets/prefabs/Enemies/Ghost.prefab using Guid(3a9c0077a7f719b498e7d0006c4a262e) Importer(815301076,1909f56bfc062723c751e8b465ee728b)  -> (artifact id: 'acb0b7f580de4f1772aa7294e3f40365') in 0.139892 seconds
Number of updated asset objects reloaded before import = 0
Number of asset objects unloaded after import = 70
========================================================================
Received Import Request.
  Time since last request: 48.235090 seconds.
  path: Assets/Scripts/Player Scripts/Player.cs
  artifactKey: Guid(6432919f8980e72409ecd99203813756) Importer(815301076,1909f56bfc062723c751e8b465ee728b)
Start importing Assets/Scripts/Player Scripts/Player.cs using Guid(6432919f8980e72409ecd99203813756) Importer(815301076,1909f56bfc062723c751e8b465ee728b)  -> (artifact id: 'ad7c90fb85d66b84c575136f571264c2') in 0.000875 seconds
Number of updated asset objects reloaded before import = 0
Number of asset objects unloaded after import = 0
========================================================================
Received Import Request.
  Time since last request: 9.291558 seconds.
  path: Assets/Scripts/AudioManager.cs
  artifactKey: Guid(5b40aeb5b4843144285cc7207c16a683) Importer(815301076,1909f56bfc062723c751e8b465ee728b)
Start importing Assets/Scripts/AudioManager.cs using Guid(5b40aeb5b4843144285cc7207c16a683) Importer(815301076,1909f56bfc062723c751e8b465ee728b)  -> (artifact id: 'ad3816230e3490e2ab97f6c23a506b48') in 0.000438 seconds
Number of updated asset objects reloaded before import = 0
Number of asset objects unloaded after import = 0
========================================================================
Received Prepare
Begin MonoManager ReloadAssembly
- Loaded All Assemblies, in  0.372 seconds
Refreshing native plugins compatible for Editor in 2.84 ms, found 4 plugins.
Native extension for WindowsStandalone target not found
[Package Manager] Server::EnsureServerProcessIsRunning -- launch failed, reason: Unity was launched with the -noUpm command-line argument
[Package Manager] UpmClient::Send -- Unable to send message (not connected to UPM process).
[Package Manager] Cannot connect to Unity Package Manager local server
Mono: successfully reloaded assembly
- Finished resetting the current domain, in  0.868 seconds
Domain Reload Profiling: 1237ms
	BeginReloadAssembly (122ms)
		ExecutionOrderSort (0ms)
		DisableScriptedObjects (10ms)
		BackupInstance (0ms)
		ReleaseScriptingObjects (0ms)
		CreateAndSetChildDomain (31ms)
	RebuildCommonClasses (25ms)
	RebuildNativeTypeToScriptingClass (7ms)
	initialDomainReloadingComplete (19ms)
	LoadAllAssembliesAndSetupDomain (195ms)
		LoadAssemblies (221ms)
		RebuildTransferFunctionScriptingTraits (0ms)
		AnalyzeDomain (30ms)
			TypeCache.Refresh (8ms)
				TypeCache.ScanAssembly (1ms)
			ScanForSourceGeneratedMonoScriptInfo (15ms)
			ResolveRequiredComponents (7ms)
	FinalizeReload (869ms)
		ReleaseScriptCaches (0ms)
		RebuildScriptCaches (0ms)
		SetupLoadedEditorAssemblies (328ms)
			LogAssemblyErrors (0ms)
			InitializePlatformSupportModulesInManaged (5ms)
			SetLoadedEditorAssemblies (3ms)
			RefreshPlugins (0ms)
			BeforeProcessingInitializeOnLoad (56ms)
			ProcessInitializeOnLoadAttributes (210ms)
			ProcessInitializeOnLoadMethodAttributes (49ms)
			AfterProcessingInitializeOnLoad (5ms)
			EditorAssembliesLoaded (0ms)
		ExecutionOrderSort2 (0ms)
		AwakeInstancesAfterBackupRestoration (10ms)
Refreshing native plugins compatible for Editor in 3.62 ms, found 4 plugins.
Preloading 0 native plugins for Editor in 0.00 ms.
Unloading 5599 Unused Serialized files (Serialized files now loaded: 0)
Unloading 55 unused Assets / (505.1 KB). Loaded Objects now: 6284.
Memory consumption went from 211.2 MB to 210.7 MB.
Total: 2.592300 ms (FindLiveObjects: 0.276700 ms CreateObjectMapping: 0.153500 ms MarkObjects: 1.979200 ms  DeleteObjects: 0.182100 ms)

Prepare: number of updated asset objects reloaded= 0
AssetImportParameters requested are different than current active one (requested -> active):
  custom:container-demuxer-ogg: 62fdf1f143b41e24485cea50d1cbac27 -> 
  custom:scripting/monoscript/fileName/PauseMenuHandler.cs: 63e492578be54747d7921dad4c36f814 -> 98977a618776f7e77791ee16bf785989
  custom:video-codec-MediaFoundation-h265: 746d11721c4dcdbdad8f713fa42b33f4 -> 
  custom:scripting/monoscript/fileName/AudioManager.cs: 0aef3caba4c1c1b0bc8bd1dca2fef31d -> e8310be4479956b7ccf5d41d9f0f6e53
  custom:video-decoder-ogg-theora: a1e56fd34408186e4bbccfd4996cb3dc -> 
  custom:framework-win-MediaFoundation: 216162199b28c13a410421893ffa2e32 -> 
  custom:scripting/monoscript/fileName/DeathFader.cs: 2466b80cd45ad4ff1eceea3f7afb4fc2 -> a1c48ceb271907b04a569930300c62e4
  custom:scripting/monoscript/fileName/LevelEnd.cs: 85bb356e39eb49a3cc36d45d7f908727 -> ee9ee2140b089a518457b5cb8f10b0a0
  custom:scripting/monoscript/fileName/ScreenFader.cs: d02d8b3f4bbd1b4f598c8d0fb13ace6b -> fc03e10c61a24d3d1916b7f5183a02f9
  custom:CustomObjectIndexerAttribute: 62b5816608c3102f162a1797e29626cf -> 
  custom:container-demuxer-webm: 4f35f7cbe854078d1ac9338744f61a02 -> 
  custom:scripting/monoscript/fileName/TitleFader.cs: 54c0b1f21b53f8714bc3491d863865ee -> adf2dfb25fdb96e66c695fe36d69d572
  custom:scripting/monoscript/fileName/DeathScreenHandler.cs: 74837b7915a11ba4d092a78a243960cd -> c55f3c7568741d555a173bf01e12dc79
  custom:scripting/monoscript/fileName/GenRoom.cs: 78b0fa851693aa4c1bcfb99d20bc0743 -> ee35cd29df1ab96f74256605c20a4750
  custom:container-muxer-webm: aa71ff27fc2769a1b78a27578f13a17b -> 
  custom:video-decoder-webm-vp8: 9c59270c3fd7afecdb556c50c9e8de78 -> 
  custom:SearchIndexIgnoredProperties: e643bd26f0fe6173181afceb89e7c659 -> 
  custom:AudioImporter_EditorPlatform: d09bf68614088b80899f8185d706f6e7 -> 
  custom:scripting/monoscript/fileName/LevelGenerator.cs: 3c18f70e244c78b16dfddd0e0f10a8e6 -> 399fb986403f6e527e4745b8ddd079e9
  custom:scripting/monoscript/fileName/TitleScreenHandler.cs: 48b8b520db18a2082bc0083d2f6f7df1 -> 10a85f7abb7386c789e6b2d4cc5a24e0
  custom:video-encoder-webm-vp8: eb34c28f22e8b96e1ab97ce403110664 -> 
  custom:audio-decoder-ogg-vorbis: bf7c407c2cedff20999df2af8eb42d56 -> 
  custom:audio-encoder-webm-vorbis: bf7c407c2cedff20999df2af8eb42d56 -> 
========================================================================
Received Import Request.
  Time since last request: 18.645424 seconds.
  path: Assets/Scripts/AudioManager.cs
  artifactKey: Guid(5b40aeb5b4843144285cc7207c16a683) Importer(815301076,1909f56bfc062723c751e8b465ee728b)
Start importing Assets/Scripts/AudioManager.cs using Guid(5b40aeb5b4843144285cc7207c16a683) Importer(815301076,1909f56bfc062723c751e8b465ee728b)  -> (artifact id: '6cd5510a2d142fc55eb0202514e16f0e') in 0.005270 seconds
Number of updated asset objects reloaded before import = 0
Number of asset objects unloaded after import = 0
========================================================================
Received Prepare
Begin MonoManager ReloadAssembly
- Loaded All Assemblies, in  0.328 seconds
Refreshing native plugins compatible for Editor in 3.97 ms, found 4 plugins.
Native extension for WindowsStandalone target not found
[Package Manager] Server::EnsureServerProcessIsRunning -- launch failed, reason: Unity was launched with the -noUpm command-line argument
[Package Manager] UpmClient::Send -- Unable to send message (not connected to UPM process).
[Package Manager] Cannot connect to Unity Package Manager local server
Mono: successfully reloaded assembly
- Finished resetting the current domain, in  0.873 seconds
Domain Reload Profiling: 1199ms
	BeginReloadAssembly (115ms)
		ExecutionOrderSort (0ms)
		DisableScriptedObjects (7ms)
		BackupInstance (0ms)
		ReleaseScriptingObjects (0ms)
		CreateAndSetChildDomain (29ms)
	RebuildCommonClasses (20ms)
	RebuildNativeTypeToScriptingClass (7ms)
	initialDomainReloadingComplete (19ms)
	LoadAllAssembliesAndSetupDomain (163ms)
		LoadAssemblies (203ms)
		RebuildTransferFunctionScriptingTraits (0ms)
		AnalyzeDomain (14ms)
			TypeCache.Refresh (5ms)
				TypeCache.ScanAssembly (0ms)
			ScanForSourceGeneratedMonoScriptInfo (0ms)
			ResolveRequiredComponents (7ms)
	FinalizeReload (874ms)
		ReleaseScriptCaches (0ms)
		RebuildScriptCaches (0ms)
		SetupLoadedEditorAssemblies (389ms)
			LogAssemblyErrors (0ms)
			InitializePlatformSupportModulesInManaged (5ms)
			SetLoadedEditorAssemblies (4ms)
			RefreshPlugins (0ms)
			BeforeProcessingInitializeOnLoad (58ms)
			ProcessInitializeOnLoadAttributes (257ms)
			ProcessInitializeOnLoadMethodAttributes (60ms)
			AfterProcessingInitializeOnLoad (5ms)
			EditorAssembliesLoaded (0ms)
		ExecutionOrderSort2 (0ms)
		AwakeInstancesAfterBackupRestoration (14ms)
Refreshing native plugins compatible for Editor in 4.30 ms, found 4 plugins.
Preloading 0 native plugins for Editor in 0.00 ms.
Unloading 5599 Unused Serialized files (Serialized files now loaded: 0)
Unloading 55 unused Assets / (505.0 KB). Loaded Objects now: 6289.
Memory consumption went from 213.0 MB to 212.5 MB.
Total: 3.165900 ms (FindLiveObjects: 0.305000 ms CreateObjectMapping: 0.426800 ms MarkObjects: 2.174800 ms  DeleteObjects: 0.258300 ms)

Prepare: number of updated asset objects reloaded= 0
AssetImportParameters requested are different than current active one (requested -> active):
  custom:container-demuxer-ogg: 62fdf1f143b41e24485cea50d1cbac27 -> 
  custom:scripting/monoscript/fileName/PauseMenuHandler.cs: 63e492578be54747d7921dad4c36f814 -> 98977a618776f7e77791ee16bf785989
  custom:video-codec-MediaFoundation-h265: 746d11721c4dcdbdad8f713fa42b33f4 -> 
  custom:scripting/monoscript/fileName/AudioManager.cs: 0aef3caba4c1c1b0bc8bd1dca2fef31d -> e8310be4479956b7ccf5d41d9f0f6e53
  custom:video-decoder-ogg-theora: a1e56fd34408186e4bbccfd4996cb3dc -> 
  custom:framework-win-MediaFoundation: 216162199b28c13a410421893ffa2e32 -> 
  custom:scripting/monoscript/fileName/DeathFader.cs: 2466b80cd45ad4ff1eceea3f7afb4fc2 -> a1c48ceb271907b04a569930300c62e4
  custom:scripting/monoscript/fileName/LevelEnd.cs: 85bb356e39eb49a3cc36d45d7f908727 -> ee9ee2140b089a518457b5cb8f10b0a0
  custom:scripting/monoscript/fileName/ScreenFader.cs: d02d8b3f4bbd1b4f598c8d0fb13ace6b -> fc03e10c61a24d3d1916b7f5183a02f9
  custom:CustomObjectIndexerAttribute: 62b5816608c3102f162a1797e29626cf -> 
  custom:container-demuxer-webm: 4f35f7cbe854078d1ac9338744f61a02 -> 
  custom:scripting/monoscript/fileName/TitleFader.cs: 54c0b1f21b53f8714bc3491d863865ee -> adf2dfb25fdb96e66c695fe36d69d572
  custom:scripting/monoscript/fileName/DeathScreenHandler.cs: 74837b7915a11ba4d092a78a243960cd -> c55f3c7568741d555a173bf01e12dc79
  custom:scripting/monoscript/fileName/GenRoom.cs: 78b0fa851693aa4c1bcfb99d20bc0743 -> ee35cd29df1ab96f74256605c20a4750
  custom:container-muxer-webm: aa71ff27fc2769a1b78a27578f13a17b -> 
  custom:video-decoder-webm-vp8: 9c59270c3fd7afecdb556c50c9e8de78 -> 
  custom:SearchIndexIgnoredProperties: e643bd26f0fe6173181afceb89e7c659 -> 
  custom:AudioImporter_EditorPlatform: d09bf68614088b80899f8185d706f6e7 -> 
  custom:scripting/monoscript/fileName/LevelGenerator.cs: 3c18f70e244c78b16dfddd0e0f10a8e6 -> 399fb986403f6e527e4745b8ddd079e9
  custom:scripting/monoscript/fileName/TitleScreenHandler.cs: 48b8b520db18a2082bc0083d2f6f7df1 -> 10a85f7abb7386c789e6b2d4cc5a24e0
  custom:video-encoder-webm-vp8: eb34c28f22e8b96e1ab97ce403110664 -> 
  custom:audio-decoder-ogg-vorbis: bf7c407c2cedff20999df2af8eb42d56 -> 
  custom:audio-encoder-webm-vorbis: bf7c407c2cedff20999df2af8eb42d56 -> 
========================================================================
Received Prepare
Begin MonoManager ReloadAssembly
- Loaded All Assemblies, in  0.334 seconds
Refreshing native plugins compatible for Editor in 3.17 ms, found 4 plugins.
Native extension for WindowsStandalone target not found
[Package Manager] Server::EnsureServerProcessIsRunning -- launch failed, reason: Unity was launched with the -noUpm command-line argument
[Package Manager] UpmClient::Send -- Unable to send message (not connected to UPM process).
[Package Manager] Cannot connect to Unity Package Manager local server
Mono: successfully reloaded assembly
- Finished resetting the current domain, in  0.824 seconds
Domain Reload Profiling: 1156ms
	BeginReloadAssembly (117ms)
		ExecutionOrderSort (0ms)
		DisableScriptedObjects (7ms)
		BackupInstance (0ms)
		ReleaseScriptingObjects (0ms)
		CreateAndSetChildDomain (28ms)
	RebuildCommonClasses (20ms)
	RebuildNativeTypeToScriptingClass (7ms)
	initialDomainReloadingComplete (20ms)
	LoadAllAssembliesAndSetupDomain (168ms)
		LoadAssemblies (212ms)
		RebuildTransferFunctionScriptingTraits (0ms)
		AnalyzeDomain (13ms)
			TypeCache.Refresh (5ms)
				TypeCache.ScanAssembly (0ms)
			ScanForSourceGeneratedMonoScriptInfo (0ms)
			ResolveRequiredComponents (7ms)
	FinalizeReload (825ms)
		ReleaseScriptCaches (0ms)
		RebuildScriptCaches (0ms)
		SetupLoadedEditorAssemblies (349ms)
			LogAssemblyErrors (0ms)
			InitializePlatformSupportModulesInManaged (5ms)
			SetLoadedEditorAssemblies (3ms)
			RefreshPlugins (0ms)
			BeforeProcessingInitializeOnLoad (57ms)
			ProcessInitializeOnLoadAttributes (211ms)
			ProcessInitializeOnLoadMethodAttributes (68ms)
			AfterProcessingInitializeOnLoad (5ms)
			EditorAssembliesLoaded (0ms)
		ExecutionOrderSort2 (0ms)
		AwakeInstancesAfterBackupRestoration (14ms)
Refreshing native plugins compatible for Editor in 4.05 ms, found 4 plugins.
Preloading 0 native plugins for Editor in 0.00 ms.
Unloading 5599 Unused Serialized files (Serialized files now loaded: 0)
Unloading 55 unused Assets / (505.2 KB). Loaded Objects now: 6294.
Memory consumption went from 214.9 MB to 214.4 MB.
Total: 2.751900 ms (FindLiveObjects: 0.298000 ms CreateObjectMapping: 0.164600 ms MarkObjects: 2.082100 ms  DeleteObjects: 0.206400 ms)

Prepare: number of updated asset objects reloaded= 0
AssetImportParameters requested are different than current active one (requested -> active):
  custom:container-demuxer-ogg: 62fdf1f143b41e24485cea50d1cbac27 -> 
  custom:scripting/monoscript/fileName/PauseMenuHandler.cs: 63e492578be54747d7921dad4c36f814 -> 98977a618776f7e77791ee16bf785989
  custom:video-codec-MediaFoundation-h265: 746d11721c4dcdbdad8f713fa42b33f4 -> 
  custom:scripting/monoscript/fileName/AudioManager.cs: 0aef3caba4c1c1b0bc8bd1dca2fef31d -> e8310be4479956b7ccf5d41d9f0f6e53
  custom:video-decoder-ogg-theora: a1e56fd34408186e4bbccfd4996cb3dc -> 
  custom:framework-win-MediaFoundation: 216162199b28c13a410421893ffa2e32 -> 
  custom:scripting/monoscript/fileName/DeathFader.cs: 2466b80cd45ad4ff1eceea3f7afb4fc2 -> a1c48ceb271907b04a569930300c62e4
  custom:scripting/monoscript/fileName/LevelEnd.cs: 85bb356e39eb49a3cc36d45d7f908727 -> ee9ee2140b089a518457b5cb8f10b0a0
  custom:scripting/monoscript/fileName/ScreenFader.cs: d02d8b3f4bbd1b4f598c8d0fb13ace6b -> fc03e10c61a24d3d1916b7f5183a02f9
  custom:CustomObjectIndexerAttribute: 62b5816608c3102f162a1797e29626cf -> 
  custom:container-demuxer-webm: 4f35f7cbe854078d1ac9338744f61a02 -> 
  custom:scripting/monoscript/fileName/TitleFader.cs: 54c0b1f21b53f8714bc3491d863865ee -> adf2dfb25fdb96e66c695fe36d69d572
  custom:scripting/monoscript/fileName/DeathScreenHandler.cs: 74837b7915a11ba4d092a78a243960cd -> c55f3c7568741d555a173bf01e12dc79
  custom:scripting/monoscript/fileName/GenRoom.cs: 78b0fa851693aa4c1bcfb99d20bc0743 -> ee35cd29df1ab96f74256605c20a4750
  custom:container-muxer-webm: aa71ff27fc2769a1b78a27578f13a17b -> 
  custom:video-decoder-webm-vp8: 9c59270c3fd7afecdb556c50c9e8de78 -> 
  custom:SearchIndexIgnoredProperties: e643bd26f0fe6173181afceb89e7c659 -> 
  custom:AudioImporter_EditorPlatform: d09bf68614088b80899f8185d706f6e7 -> 
  custom:scripting/monoscript/fileName/LevelGenerator.cs: 3c18f70e244c78b16dfddd0e0f10a8e6 -> 399fb986403f6e527e4745b8ddd079e9
  custom:scripting/monoscript/fileName/TitleScreenHandler.cs: 48b8b520db18a2082bc0083d2f6f7df1 -> 10a85f7abb7386c789e6b2d4cc5a24e0
  custom:video-encoder-webm-vp8: eb34c28f22e8b96e1ab97ce403110664 -> 
  custom:audio-decoder-ogg-vorbis: bf7c407c2cedff20999df2af8eb42d56 -> 
  custom:audio-encoder-webm-vorbis: bf7c407c2cedff20999df2af8eb42d56 -> 
========================================================================
Received Prepare
Begin MonoManager ReloadAssembly
- Loaded All Assemblies, in  0.378 seconds
Refreshing native plugins compatible for Editor in 2.86 ms, found 4 plugins.
Native extension for WindowsStandalone target not found
[Package Manager] Server::EnsureServerProcessIsRunning -- launch failed, reason: Unity was launched with the -noUpm command-line argument
[Package Manager] UpmClient::Send -- Unable to send message (not connected to UPM process).
[Package Manager] Cannot connect to Unity Package Manager local server
Mono: successfully reloaded assembly
- Finished resetting the current domain, in  0.819 seconds
Domain Reload Profiling: 1194ms
	BeginReloadAssembly (117ms)
		ExecutionOrderSort (0ms)
		DisableScriptedObjects (7ms)
		BackupInstance (0ms)
		ReleaseScriptingObjects (0ms)
		CreateAndSetChildDomain (29ms)
	RebuildCommonClasses (21ms)
	RebuildNativeTypeToScriptingClass (7ms)
	initialDomainReloadingComplete (20ms)
	LoadAllAssembliesAndSetupDomain (211ms)
		LoadAssemblies (236ms)
		RebuildTransferFunctionScriptingTraits (0ms)
		AnalyzeDomain (30ms)
			TypeCache.Refresh (8ms)
				TypeCache.ScanAssembly (1ms)
			ScanForSourceGeneratedMonoScriptInfo (15ms)
			ResolveRequiredComponents (7ms)
	FinalizeReload (819ms)
		ReleaseScriptCaches (0ms)
		RebuildScriptCaches (0ms)
		SetupLoadedEditorAssemblies (330ms)
			LogAssemblyErrors (0ms)
			InitializePlatformSupportModulesInManaged (4ms)
			SetLoadedEditorAssemblies (3ms)
			RefreshPlugins (0ms)
			BeforeProcessingInitializeOnLoad (58ms)
			ProcessInitializeOnLoadAttributes (210ms)
			ProcessInitializeOnLoadMethodAttributes (49ms)
			AfterProcessingInitializeOnLoad (4ms)
			EditorAssembliesLoaded (0ms)
		ExecutionOrderSort2 (0ms)
		AwakeInstancesAfterBackupRestoration (11ms)
Refreshing native plugins compatible for Editor in 2.98 ms, found 4 plugins.
Preloading 0 native plugins for Editor in 0.00 ms.
Unloading 5599 Unused Serialized files (Serialized files now loaded: 0)
Unloading 55 unused Assets / (505.1 KB). Loaded Objects now: 6299.
Memory consumption went from 216.9 MB to 216.4 MB.
Total: 2.609900 ms (FindLiveObjects: 0.257000 ms CreateObjectMapping: 0.155500 ms MarkObjects: 2.023100 ms  DeleteObjects: 0.173400 ms)

Prepare: number of updated asset objects reloaded= 0
AssetImportParameters requested are different than current active one (requested -> active):
  custom:container-demuxer-ogg: 62fdf1f143b41e24485cea50d1cbac27 -> 
  custom:scripting/monoscript/fileName/PauseMenuHandler.cs: 63e492578be54747d7921dad4c36f814 -> 98977a618776f7e77791ee16bf785989
  custom:video-codec-MediaFoundation-h265: 746d11721c4dcdbdad8f713fa42b33f4 -> 
  custom:scripting/monoscript/fileName/AudioManager.cs: 0aef3caba4c1c1b0bc8bd1dca2fef31d -> e8310be4479956b7ccf5d41d9f0f6e53
  custom:video-decoder-ogg-theora: a1e56fd34408186e4bbccfd4996cb3dc -> 
  custom:framework-win-MediaFoundation: 216162199b28c13a410421893ffa2e32 -> 
  custom:scripting/monoscript/fileName/DeathFader.cs: 2466b80cd45ad4ff1eceea3f7afb4fc2 -> a1c48ceb271907b04a569930300c62e4
  custom:scripting/monoscript/fileName/LevelEnd.cs: 85bb356e39eb49a3cc36d45d7f908727 -> ee9ee2140b089a518457b5cb8f10b0a0
  custom:scripting/monoscript/fileName/ScreenFader.cs: d02d8b3f4bbd1b4f598c8d0fb13ace6b -> fc03e10c61a24d3d1916b7f5183a02f9
  custom:CustomObjectIndexerAttribute: 62b5816608c3102f162a1797e29626cf -> 
  custom:container-demuxer-webm: 4f35f7cbe854078d1ac9338744f61a02 -> 
  custom:scripting/monoscript/fileName/TitleFader.cs: 54c0b1f21b53f8714bc3491d863865ee -> adf2dfb25fdb96e66c695fe36d69d572
  custom:scripting/monoscript/fileName/DeathScreenHandler.cs: 74837b7915a11ba4d092a78a243960cd -> c55f3c7568741d555a173bf01e12dc79
  custom:scripting/monoscript/fileName/GenRoom.cs: 78b0fa851693aa4c1bcfb99d20bc0743 -> ee35cd29df1ab96f74256605c20a4750
  custom:container-muxer-webm: aa71ff27fc2769a1b78a27578f13a17b -> 
  custom:video-decoder-webm-vp8: 9c59270c3fd7afecdb556c50c9e8de78 -> 
  custom:SearchIndexIgnoredProperties: e643bd26f0fe6173181afceb89e7c659 -> 
  custom:AudioImporter_EditorPlatform: d09bf68614088b80899f8185d706f6e7 -> 
  custom:scripting/monoscript/fileName/LevelGenerator.cs: 3c18f70e244c78b16dfddd0e0f10a8e6 -> 399fb986403f6e527e4745b8ddd079e9
  custom:scripting/monoscript/fileName/TitleScreenHandler.cs: 48b8b520db18a2082bc0083d2f6f7df1 -> 10a85f7abb7386c789e6b2d4cc5a24e0
  custom:video-encoder-webm-vp8: eb34c28f22e8b96e1ab97ce403110664 -> 
  custom:audio-decoder-ogg-vorbis: bf7c407c2cedff20999df2af8eb42d56 -> 
  custom:audio-encoder-webm-vorbis: bf7c407c2cedff20999df2af8eb42d56 -> 
========================================================================
Received Import Request.
  Time since last request: 105.557757 seconds.
  path: Assets/Scripts/AI Scripts/Ghost AI/Ghost.cs
  artifactKey: Guid(24047836cf383a245b0957b4dc3f5de8) Importer(815301076,1909f56bfc062723c751e8b465ee728b)
Start importing Assets/Scripts/AI Scripts/Ghost AI/Ghost.cs using Guid(24047836cf383a245b0957b4dc3f5de8) Importer(815301076,1909f56bfc062723c751e8b465ee728b)  -> (artifact id: 'a429d7b46e5521316c94f58ce84432b7') in 0.005174 seconds
Number of updated asset objects reloaded before import = 0
Number of asset objects unloaded after import = 0
========================================================================
Received Import Request.
  Time since last request: 2.781099 seconds.
  path: Assets/Scripts/AI Scripts/Harpie AI/Harpie.cs
  artifactKey: Guid(2fc8b245972d9b043b4d0aa2cfdacc0a) Importer(815301076,1909f56bfc062723c751e8b465ee728b)
Start importing Assets/Scripts/AI Scripts/Harpie AI/Harpie.cs using Guid(2fc8b245972d9b043b4d0aa2cfdacc0a) Importer(815301076,1909f56bfc062723c751e8b465ee728b)  -> (artifact id: '7c23c890dec21835cc6b81d617796c07') in 0.000693 seconds
Number of updated asset objects reloaded before import = 0
Number of asset objects unloaded after import = 0
========================================================================
Received Import Request.
  Time since last request: 1.895035 seconds.
  path: Assets/Scripts/AI Scripts/Mouth AI/Mouth.cs
  artifactKey: Guid(004fd26c0889d4b4782729621906ece9) Importer(815301076,1909f56bfc062723c751e8b465ee728b)
Start importing Assets/Scripts/AI Scripts/Mouth AI/Mouth.cs using Guid(004fd26c0889d4b4782729621906ece9) Importer(815301076,1909f56bfc062723c751e8b465ee728b)  -> (artifact id: '8e225cdc4d4e306db583ddfa2a8fd0de') in 0.000678 seconds
Number of updated asset objects reloaded before import = 0
Number of asset objects unloaded after import = 0
========================================================================
Received Prepare
Begin MonoManager ReloadAssembly
- Loaded All Assemblies, in  0.379 seconds
Refreshing native plugins compatible for Editor in 3.26 ms, found 4 plugins.
Native extension for WindowsStandalone target not found
[Package Manager] Server::EnsureServerProcessIsRunning -- launch failed, reason: Unity was launched with the -noUpm command-line argument
[Package Manager] UpmClient::Send -- Unable to send message (not connected to UPM process).
[Package Manager] Cannot connect to Unity Package Manager local server
Mono: successfully reloaded assembly
- Finished resetting the current domain, in  0.799 seconds
Domain Reload Profiling: 1176ms
	BeginReloadAssembly (129ms)
		ExecutionOrderSort (0ms)
		DisableScriptedObjects (8ms)
		BackupInstance (0ms)
		ReleaseScriptingObjects (0ms)
		CreateAndSetChildDomain (32ms)
	RebuildCommonClasses (26ms)
	RebuildNativeTypeToScriptingClass (7ms)
	initialDomainReloadingComplete (20ms)
	LoadAllAssembliesAndSetupDomain (194ms)
		LoadAssemblies (224ms)
		RebuildTransferFunctionScriptingTraits (0ms)
		AnalyzeDomain (33ms)
			TypeCache.Refresh (9ms)
				TypeCache.ScanAssembly (1ms)
			ScanForSourceGeneratedMonoScriptInfo (16ms)
			ResolveRequiredComponents (8ms)
	FinalizeReload (800ms)
		ReleaseScriptCaches (0ms)
		RebuildScriptCaches (0ms)
		SetupLoadedEditorAssemblies (329ms)
			LogAssemblyErrors (0ms)
			InitializePlatformSupportModulesInManaged (5ms)
			SetLoadedEditorAssemblies (3ms)
			RefreshPlugins (0ms)
			BeforeProcessingInitializeOnLoad (58ms)
			ProcessInitializeOnLoadAttributes (210ms)
			ProcessInitializeOnLoadMethodAttributes (49ms)
			AfterProcessingInitializeOnLoad (5ms)
			EditorAssembliesLoaded (0ms)
		ExecutionOrderSort2 (0ms)
		AwakeInstancesAfterBackupRestoration (11ms)
Refreshing native plugins compatible for Editor in 3.26 ms, found 4 plugins.
Preloading 0 native plugins for Editor in 0.00 ms.
Unloading 5599 Unused Serialized files (Serialized files now loaded: 0)
Unloading 55 unused Assets / (504.3 KB). Loaded Objects now: 6304.
Memory consumption went from 218.9 MB to 218.4 MB.
Total: 2.540700 ms (FindLiveObjects: 0.268700 ms CreateObjectMapping: 0.155900 ms MarkObjects: 1.945800 ms  DeleteObjects: 0.169700 ms)

Prepare: number of updated asset objects reloaded= 0
AssetImportParameters requested are different than current active one (requested -> active):
  custom:container-demuxer-ogg: 62fdf1f143b41e24485cea50d1cbac27 -> 
  custom:scripting/monoscript/fileName/PauseMenuHandler.cs: 63e492578be54747d7921dad4c36f814 -> 98977a618776f7e77791ee16bf785989
  custom:video-codec-MediaFoundation-h265: 746d11721c4dcdbdad8f713fa42b33f4 -> 
  custom:scripting/monoscript/fileName/AudioManager.cs: 0aef3caba4c1c1b0bc8bd1dca2fef31d -> e8310be4479956b7ccf5d41d9f0f6e53
  custom:video-decoder-ogg-theora: a1e56fd34408186e4bbccfd4996cb3dc -> 
  custom:framework-win-MediaFoundation: 216162199b28c13a410421893ffa2e32 -> 
  custom:scripting/monoscript/fileName/DeathFader.cs: 2466b80cd45ad4ff1eceea3f7afb4fc2 -> a1c48ceb271907b04a569930300c62e4
  custom:scripting/monoscript/fileName/LevelEnd.cs: 85bb356e39eb49a3cc36d45d7f908727 -> ee9ee2140b089a518457b5cb8f10b0a0
  custom:scripting/monoscript/fileName/ScreenFader.cs: d02d8b3f4bbd1b4f598c8d0fb13ace6b -> fc03e10c61a24d3d1916b7f5183a02f9
  custom:CustomObjectIndexerAttribute: 62b5816608c3102f162a1797e29626cf -> 
  custom:container-demuxer-webm: 4f35f7cbe854078d1ac9338744f61a02 -> 
  custom:scripting/monoscript/fileName/TitleFader.cs: 54c0b1f21b53f8714bc3491d863865ee -> adf2dfb25fdb96e66c695fe36d69d572
  custom:scripting/monoscript/fileName/DeathScreenHandler.cs: 74837b7915a11ba4d092a78a243960cd -> c55f3c7568741d555a173bf01e12dc79
  custom:scripting/monoscript/fileName/GenRoom.cs: 78b0fa851693aa4c1bcfb99d20bc0743 -> ee35cd29df1ab96f74256605c20a4750
  custom:container-muxer-webm: aa71ff27fc2769a1b78a27578f13a17b -> 
  custom:video-decoder-webm-vp8: 9c59270c3fd7afecdb556c50c9e8de78 -> 
  custom:SearchIndexIgnoredProperties: e643bd26f0fe6173181afceb89e7c659 -> 
  custom:AudioImporter_EditorPlatform: d09bf68614088b80899f8185d706f6e7 -> 
  custom:scripting/monoscript/fileName/LevelGenerator.cs: 3c18f70e244c78b16dfddd0e0f10a8e6 -> 399fb986403f6e527e4745b8ddd079e9
  custom:scripting/monoscript/fileName/TitleScreenHandler.cs: 48b8b520db18a2082bc0083d2f6f7df1 -> 10a85f7abb7386c789e6b2d4cc5a24e0
  custom:video-encoder-webm-vp8: eb34c28f22e8b96e1ab97ce403110664 -> 
  custom:audio-decoder-ogg-vorbis: bf7c407c2cedff20999df2af8eb42d56 -> 
  custom:audio-encoder-webm-vorbis: bf7c407c2cedff20999df2af8eb42d56 -> 
========================================================================
Received Prepare
Begin MonoManager ReloadAssembly
- Loaded All Assemblies, in  0.334 seconds
Refreshing native plugins compatible for Editor in 4.26 ms, found 4 plugins.
Native extension for WindowsStandalone target not found
[Package Manager] Server::EnsureServerProcessIsRunning -- launch failed, reason: Unity was launched with the -noUpm command-line argument
[Package Manager] UpmClient::Send -- Unable to send message (not connected to UPM process).
[Package Manager] Cannot connect to Unity Package Manager local server
Mono: successfully reloaded assembly
- Finished resetting the current domain, in  0.875 seconds
Domain Reload Profiling: 1207ms
	BeginReloadAssembly (117ms)
		ExecutionOrderSort (0ms)
		DisableScriptedObjects (7ms)
		BackupInstance (0ms)
		ReleaseScriptingObjects (0ms)
		CreateAndSetChildDomain (28ms)
	RebuildCommonClasses (21ms)
	RebuildNativeTypeToScriptingClass (7ms)
	initialDomainReloadingComplete (19ms)
	LoadAllAssembliesAndSetupDomain (168ms)
		LoadAssemblies (212ms)
		RebuildTransferFunctionScriptingTraits (0ms)
		AnalyzeDomain (14ms)
			TypeCache.Refresh (5ms)
				TypeCache.ScanAssembly (0ms)
			ScanForSourceGeneratedMonoScriptInfo (0ms)
			ResolveRequiredComponents (7ms)
	FinalizeReload (876ms)
		ReleaseScriptCaches (0ms)
		RebuildScriptCaches (0ms)
		SetupLoadedEditorAssemblies (384ms)
			LogAssemblyErrors (0ms)
			InitializePlatformSupportModulesInManaged (4ms)
			SetLoadedEditorAssemblies (3ms)
			RefreshPlugins (0ms)
			BeforeProcessingInitializeOnLoad (58ms)
			ProcessInitializeOnLoadAttributes (251ms)
			ProcessInitializeOnLoadMethodAttributes (63ms)
			AfterProcessingInitializeOnLoad (5ms)
			EditorAssembliesLoaded (0ms)
		ExecutionOrderSort2 (0ms)
		AwakeInstancesAfterBackupRestoration (14ms)
Refreshing native plugins compatible for Editor in 3.74 ms, found 4 plugins.
Preloading 0 native plugins for Editor in 0.00 ms.
Unloading 5599 Unused Serialized files (Serialized files now loaded: 0)
Unloading 55 unused Assets / (504.6 KB). Loaded Objects now: 6309.
Memory consumption went from 220.8 MB to 220.3 MB.
Total: 3.173600 ms (FindLiveObjects: 0.345900 ms CreateObjectMapping: 0.170700 ms MarkObjects: 2.412900 ms  DeleteObjects: 0.243400 ms)

Prepare: number of updated asset objects reloaded= 0
AssetImportParameters requested are different than current active one (requested -> active):
  custom:container-demuxer-ogg: 62fdf1f143b41e24485cea50d1cbac27 -> 
  custom:scripting/monoscript/fileName/PauseMenuHandler.cs: 63e492578be54747d7921dad4c36f814 -> 98977a618776f7e77791ee16bf785989
  custom:video-codec-MediaFoundation-h265: 746d11721c4dcdbdad8f713fa42b33f4 -> 
  custom:scripting/monoscript/fileName/AudioManager.cs: 0aef3caba4c1c1b0bc8bd1dca2fef31d -> e8310be4479956b7ccf5d41d9f0f6e53
  custom:video-decoder-ogg-theora: a1e56fd34408186e4bbccfd4996cb3dc -> 
  custom:framework-win-MediaFoundation: 216162199b28c13a410421893ffa2e32 -> 
  custom:scripting/monoscript/fileName/DeathFader.cs: 2466b80cd45ad4ff1eceea3f7afb4fc2 -> a1c48ceb271907b04a569930300c62e4
  custom:scripting/monoscript/fileName/LevelEnd.cs: 85bb356e39eb49a3cc36d45d7f908727 -> ee9ee2140b089a518457b5cb8f10b0a0
  custom:scripting/monoscript/fileName/ScreenFader.cs: d02d8b3f4bbd1b4f598c8d0fb13ace6b -> fc03e10c61a24d3d1916b7f5183a02f9
  custom:CustomObjectIndexerAttribute: 62b5816608c3102f162a1797e29626cf -> 
  custom:container-demuxer-webm: 4f35f7cbe854078d1ac9338744f61a02 -> 
  custom:scripting/monoscript/fileName/TitleFader.cs: 54c0b1f21b53f8714bc3491d863865ee -> adf2dfb25fdb96e66c695fe36d69d572
  custom:scripting/monoscript/fileName/DeathScreenHandler.cs: 74837b7915a11ba4d092a78a243960cd -> c55f3c7568741d555a173bf01e12dc79
  custom:scripting/monoscript/fileName/GenRoom.cs: 78b0fa851693aa4c1bcfb99d20bc0743 -> ee35cd29df1ab96f74256605c20a4750
  custom:container-muxer-webm: aa71ff27fc2769a1b78a27578f13a17b -> 
  custom:video-decoder-webm-vp8: 9c59270c3fd7afecdb556c50c9e8de78 -> 
  custom:SearchIndexIgnoredProperties: e643bd26f0fe6173181afceb89e7c659 -> 
  custom:AudioImporter_EditorPlatform: d09bf68614088b80899f8185d706f6e7 -> 
  custom:scripting/monoscript/fileName/LevelGenerator.cs: 3c18f70e244c78b16dfddd0e0f10a8e6 -> 399fb986403f6e527e4745b8ddd079e9
  custom:scripting/monoscript/fileName/TitleScreenHandler.cs: 48b8b520db18a2082bc0083d2f6f7df1 -> 10a85f7abb7386c789e6b2d4cc5a24e0
  custom:video-encoder-webm-vp8: eb34c28f22e8b96e1ab97ce403110664 -> 
  custom:audio-decoder-ogg-vorbis: bf7c407c2cedff20999df2af8eb42d56 -> 
  custom:audio-encoder-webm-vorbis: bf7c407c2cedff20999df2af8eb42d56 -> 
========================================================================
Received Import Request.
  Time since last request: 214.689828 seconds.
  path: Assets/Audio/enemy-death-5tz5wbiv_JFCoxu3H.mp3
  artifactKey: Guid(d212e6334de67c548ac2f83ac987e48c) Importer(815301076,1909f56bfc062723c751e8b465ee728b)
Start importing Assets/Audio/enemy-death-5tz5wbiv_JFCoxu3H.mp3 using Guid(d212e6334de67c548ac2f83ac987e48c) Importer(815301076,1909f56bfc062723c751e8b465ee728b)  -> (artifact id: '28b26c2aa4c24475dca66021a0021ab9') in 0.067156 seconds
Number of updated asset objects reloaded before import = 0
Number of asset objects unloaded after import = 2
========================================================================
Received Import Request.
  Time since last request: 26.251596 seconds.
  path: Assets/Audio/enemyDeath.mp3
  artifactKey: Guid(d212e6334de67c548ac2f83ac987e48c) Importer(815301076,1909f56bfc062723c751e8b465ee728b)
Start importing Assets/Audio/enemyDeath.mp3 using Guid(d212e6334de67c548ac2f83ac987e48c) Importer(815301076,1909f56bfc062723c751e8b465ee728b)  -> (artifact id: 'e473391e5971a5edf8df34c6a100c115') in 0.004474 seconds
Number of updated asset objects reloaded before import = 0
Number of asset objects unloaded after import = 2
========================================================================
Received Prepare
Begin MonoManager ReloadAssembly
- Loaded All Assemblies, in  0.394 seconds
Refreshing native plugins compatible for Editor in 3.04 ms, found 4 plugins.
Native extension for WindowsStandalone target not found
[Package Manager] Server::EnsureServerProcessIsRunning -- launch failed, reason: Unity was launched with the -noUpm command-line argument
[Package Manager] UpmClient::Send -- Unable to send message (not connected to UPM process).
[Package Manager] Cannot connect to Unity Package Manager local server
Mono: successfully reloaded assembly
- Finished resetting the current domain, in  0.918 seconds
Domain Reload Profiling: 1309ms
	BeginReloadAssembly (118ms)
		ExecutionOrderSort (0ms)
		DisableScriptedObjects (7ms)
		BackupInstance (0ms)
		ReleaseScriptingObjects (0ms)
		CreateAndSetChildDomain (29ms)
	RebuildCommonClasses (25ms)
	RebuildNativeTypeToScriptingClass (7ms)
	initialDomainReloadingComplete (21ms)
	LoadAllAssembliesAndSetupDomain (220ms)
		LoadAssemblies (263ms)
		RebuildTransferFunctionScriptingTraits (0ms)
		AnalyzeDomain (15ms)
			TypeCache.Refresh (5ms)
				TypeCache.ScanAssembly (0ms)
			ScanForSourceGeneratedMonoScriptInfo (0ms)
			ResolveRequiredComponents (8ms)
	FinalizeReload (918ms)
		ReleaseScriptCaches (0ms)
		RebuildScriptCaches (0ms)
		SetupLoadedEditorAssemblies (415ms)
			LogAssemblyErrors (0ms)
			InitializePlatformSupportModulesInManaged (5ms)
			SetLoadedEditorAssemblies (3ms)
			RefreshPlugins (0ms)
			BeforeProcessingInitializeOnLoad (61ms)
			ProcessInitializeOnLoadAttributes (275ms)
			ProcessInitializeOnLoadMethodAttributes (66ms)
			AfterProcessingInitializeOnLoad (5ms)
			EditorAssembliesLoaded (0ms)
		ExecutionOrderSort2 (0ms)
		AwakeInstancesAfterBackupRestoration (13ms)
Refreshing native plugins compatible for Editor in 3.67 ms, found 4 plugins.
Preloading 0 native plugins for Editor in 0.00 ms.
Unloading 5599 Unused Serialized files (Serialized files now loaded: 0)
Unloading 55 unused Assets / (504.2 KB). Loaded Objects now: 6314.
Memory consumption went from 222.7 MB to 222.3 MB.
Total: 3.103900 ms (FindLiveObjects: 0.339400 ms CreateObjectMapping: 0.194400 ms MarkObjects: 2.374300 ms  DeleteObjects: 0.195000 ms)

Prepare: number of updated asset objects reloaded= 0
AssetImportParameters requested are different than current active one (requested -> active):
  custom:container-demuxer-ogg: 62fdf1f143b41e24485cea50d1cbac27 -> 
  custom:scripting/monoscript/fileName/PauseMenuHandler.cs: 63e492578be54747d7921dad4c36f814 -> 98977a618776f7e77791ee16bf785989
  custom:video-codec-MediaFoundation-h265: 746d11721c4dcdbdad8f713fa42b33f4 -> 
  custom:scripting/monoscript/fileName/AudioManager.cs: 0aef3caba4c1c1b0bc8bd1dca2fef31d -> e8310be4479956b7ccf5d41d9f0f6e53
  custom:video-decoder-ogg-theora: a1e56fd34408186e4bbccfd4996cb3dc -> 
  custom:framework-win-MediaFoundation: 216162199b28c13a410421893ffa2e32 -> 
  custom:scripting/monoscript/fileName/DeathFader.cs: 2466b80cd45ad4ff1eceea3f7afb4fc2 -> a1c48ceb271907b04a569930300c62e4
  custom:scripting/monoscript/fileName/LevelEnd.cs: 85bb356e39eb49a3cc36d45d7f908727 -> ee9ee2140b089a518457b5cb8f10b0a0
  custom:scripting/monoscript/fileName/ScreenFader.cs: d02d8b3f4bbd1b4f598c8d0fb13ace6b -> fc03e10c61a24d3d1916b7f5183a02f9
  custom:CustomObjectIndexerAttribute: 62b5816608c3102f162a1797e29626cf -> 
  custom:container-demuxer-webm: 4f35f7cbe854078d1ac9338744f61a02 -> 
  custom:scripting/monoscript/fileName/TitleFader.cs: 54c0b1f21b53f8714bc3491d863865ee -> adf2dfb25fdb96e66c695fe36d69d572
  custom:scripting/monoscript/fileName/DeathScreenHandler.cs: 74837b7915a11ba4d092a78a243960cd -> c55f3c7568741d555a173bf01e12dc79
  custom:scripting/monoscript/fileName/GenRoom.cs: 78b0fa851693aa4c1bcfb99d20bc0743 -> ee35cd29df1ab96f74256605c20a4750
  custom:container-muxer-webm: aa71ff27fc2769a1b78a27578f13a17b -> 
  custom:video-decoder-webm-vp8: 9c59270c3fd7afecdb556c50c9e8de78 -> 
  custom:SearchIndexIgnoredProperties: e643bd26f0fe6173181afceb89e7c659 -> 
  custom:AudioImporter_EditorPlatform: d09bf68614088b80899f8185d706f6e7 -> 
  custom:scripting/monoscript/fileName/LevelGenerator.cs: 3c18f70e244c78b16dfddd0e0f10a8e6 -> 399fb986403f6e527e4745b8ddd079e9
  custom:scripting/monoscript/fileName/TitleScreenHandler.cs: 48b8b520db18a2082bc0083d2f6f7df1 -> 10a85f7abb7386c789e6b2d4cc5a24e0
  custom:video-encoder-webm-vp8: eb34c28f22e8b96e1ab97ce403110664 -> 
  custom:audio-decoder-ogg-vorbis: bf7c407c2cedff20999df2af8eb42d56 -> 
  custom:audio-encoder-webm-vorbis: bf7c407c2cedff20999df2af8eb42d56 -> 
========================================================================
Received Prepare
Begin MonoManager ReloadAssembly
- Loaded All Assemblies, in  0.332 seconds
Refreshing native plugins compatible for Editor in 3.65 ms, found 4 plugins.
Native extension for WindowsStandalone target not found
[Package Manager] Server::EnsureServerProcessIsRunning -- launch failed, reason: Unity was launched with the -noUpm command-line argument
[Package Manager] UpmClient::Send -- Unable to send message (not connected to UPM process).
[Package Manager] Cannot connect to Unity Package Manager local server
Mono: successfully reloaded assembly
- Finished resetting the current domain, in  0.856 seconds
Domain Reload Profiling: 1186ms
	BeginReloadAssembly (120ms)
		ExecutionOrderSort (0ms)
		DisableScriptedObjects (9ms)
		BackupInstance (0ms)
		ReleaseScriptingObjects (0ms)
		CreateAndSetChildDomain (27ms)
	RebuildCommonClasses (20ms)
	RebuildNativeTypeToScriptingClass (7ms)
	initialDomainReloadingComplete (20ms)
	LoadAllAssembliesAndSetupDomain (163ms)
		LoadAssemblies (210ms)
		RebuildTransferFunctionScriptingTraits (0ms)
		AnalyzeDomain (13ms)
			TypeCache.Refresh (5ms)
				TypeCache.ScanAssembly (0ms)
			ScanForSourceGeneratedMonoScriptInfo (0ms)
			ResolveRequiredComponents (7ms)
	FinalizeReload (857ms)
		ReleaseScriptCaches (0ms)
		RebuildScriptCaches (0ms)
		SetupLoadedEditorAssemblies (384ms)
			LogAssemblyErrors (0ms)
			InitializePlatformSupportModulesInManaged (5ms)
			SetLoadedEditorAssemblies (3ms)
			RefreshPlugins (0ms)
			BeforeProcessingInitializeOnLoad (58ms)
			ProcessInitializeOnLoadAttributes (250ms)
			ProcessInitializeOnLoadMethodAttributes (62ms)
			AfterProcessingInitializeOnLoad (5ms)
			EditorAssembliesLoaded (0ms)
		ExecutionOrderSort2 (0ms)
		AwakeInstancesAfterBackupRestoration (15ms)
Refreshing native plugins compatible for Editor in 4.00 ms, found 4 plugins.
Preloading 0 native plugins for Editor in 0.00 ms.
Unloading 5599 Unused Serialized files (Serialized files now loaded: 0)
Unloading 55 unused Assets / (505.3 KB). Loaded Objects now: 6319.
Memory consumption went from 224.6 MB to 224.1 MB.
Total: 3.334400 ms (FindLiveObjects: 0.315800 ms CreateObjectMapping: 0.269600 ms MarkObjects: 2.533400 ms  DeleteObjects: 0.214900 ms)

Prepare: number of updated asset objects reloaded= 0
AssetImportParameters requested are different than current active one (requested -> active):
  custom:container-demuxer-ogg: 62fdf1f143b41e24485cea50d1cbac27 -> 
  custom:scripting/monoscript/fileName/PauseMenuHandler.cs: 63e492578be54747d7921dad4c36f814 -> 98977a618776f7e77791ee16bf785989
  custom:video-codec-MediaFoundation-h265: 746d11721c4dcdbdad8f713fa42b33f4 -> 
  custom:scripting/monoscript/fileName/AudioManager.cs: 0aef3caba4c1c1b0bc8bd1dca2fef31d -> e8310be4479956b7ccf5d41d9f0f6e53
  custom:video-decoder-ogg-theora: a1e56fd34408186e4bbccfd4996cb3dc -> 
  custom:framework-win-MediaFoundation: 216162199b28c13a410421893ffa2e32 -> 
  custom:scripting/monoscript/fileName/DeathFader.cs: 2466b80cd45ad4ff1eceea3f7afb4fc2 -> a1c48ceb271907b04a569930300c62e4
  custom:scripting/monoscript/fileName/LevelEnd.cs: 85bb356e39eb49a3cc36d45d7f908727 -> ee9ee2140b089a518457b5cb8f10b0a0
  custom:scripting/monoscript/fileName/ScreenFader.cs: d02d8b3f4bbd1b4f598c8d0fb13ace6b -> fc03e10c61a24d3d1916b7f5183a02f9
  custom:CustomObjectIndexerAttribute: 62b5816608c3102f162a1797e29626cf -> 
  custom:container-demuxer-webm: 4f35f7cbe854078d1ac9338744f61a02 -> 
  custom:scripting/monoscript/fileName/TitleFader.cs: 54c0b1f21b53f8714bc3491d863865ee -> adf2dfb25fdb96e66c695fe36d69d572
  custom:scripting/monoscript/fileName/DeathScreenHandler.cs: 74837b7915a11ba4d092a78a243960cd -> c55f3c7568741d555a173bf01e12dc79
  custom:scripting/monoscript/fileName/GenRoom.cs: 78b0fa851693aa4c1bcfb99d20bc0743 -> ee35cd29df1ab96f74256605c20a4750
  custom:container-muxer-webm: aa71ff27fc2769a1b78a27578f13a17b -> 
  custom:video-decoder-webm-vp8: 9c59270c3fd7afecdb556c50c9e8de78 -> 
  custom:SearchIndexIgnoredProperties: e643bd26f0fe6173181afceb89e7c659 -> 
  custom:AudioImporter_EditorPlatform: d09bf68614088b80899f8185d706f6e7 -> 
  custom:scripting/monoscript/fileName/LevelGenerator.cs: 3c18f70e244c78b16dfddd0e0f10a8e6 -> 399fb986403f6e527e4745b8ddd079e9
  custom:scripting/monoscript/fileName/TitleScreenHandler.cs: 48b8b520db18a2082bc0083d2f6f7df1 -> 10a85f7abb7386c789e6b2d4cc5a24e0
  custom:video-encoder-webm-vp8: eb34c28f22e8b96e1ab97ce403110664 -> 
  custom:audio-decoder-ogg-vorbis: bf7c407c2cedff20999df2af8eb42d56 -> 
  custom:audio-encoder-webm-vorbis: bf7c407c2cedff20999df2af8eb42d56 -> 
========================================================================
Received Import Request.
  Time since last request: 61.713636 seconds.
  path: Assets/prefabs/Player.prefab
  artifactKey: Guid(fa59e339992ce8f448fe707aaeffc238) Importer(815301076,1909f56bfc062723c751e8b465ee728b)
Start importing Assets/prefabs/Player.prefab using Guid(fa59e339992ce8f448fe707aaeffc238) Importer(815301076,1909f56bfc062723c751e8b465ee728b)  -> (artifact id: 'b50388009c7ccf598563df9424d62fa7') in 0.148194 seconds
Number of updated asset objects reloaded before import = 0
Number of asset objects unloaded after import = 124
========================================================================
Received Import Request.
  Time since last request: 2.229702 seconds.
  path: Assets/prefabs/AudioManager.prefab
  artifactKey: Guid(1f978007af460c942be1fc58f1cd791a) Importer(815301076,1909f56bfc062723c751e8b465ee728b)
Start importing Assets/prefabs/AudioManager.prefab using Guid(1f978007af460c942be1fc58f1cd791a) Importer(815301076,1909f56bfc062723c751e8b465ee728b)  -> (artifact id: '47365c18e3f5e7ef9b82a8f54bc6e717') in 0.002352 seconds
Number of updated asset objects reloaded before import = 0
Number of asset objects unloaded after import = 16
========================================================================
Received Prepare
Begin MonoManager ReloadAssembly
- Loaded All Assemblies, in  0.342 seconds
Refreshing native plugins compatible for Editor in 2.91 ms, found 4 plugins.
Native extension for WindowsStandalone target not found
[Package Manager] Server::EnsureServerProcessIsRunning -- launch failed, reason: Unity was launched with the -noUpm command-line argument
[Package Manager] UpmClient::Send -- Unable to send message (not connected to UPM process).
[Package Manager] Cannot connect to Unity Package Manager local server
Mono: successfully reloaded assembly
- Finished resetting the current domain, in  0.851 seconds
Domain Reload Profiling: 1191ms
	BeginReloadAssembly (124ms)
		ExecutionOrderSort (0ms)
		DisableScriptedObjects (11ms)
		BackupInstance (0ms)
		ReleaseScriptingObjects (0ms)
		CreateAndSetChildDomain (32ms)
	RebuildCommonClasses (20ms)
	RebuildNativeTypeToScriptingClass (7ms)
	initialDomainReloadingComplete (20ms)
	LoadAllAssembliesAndSetupDomain (168ms)
		LoadAssemblies (211ms)
		RebuildTransferFunctionScriptingTraits (0ms)
		AnalyzeDomain (13ms)
			TypeCache.Refresh (5ms)
				TypeCache.ScanAssembly (0ms)
			ScanForSourceGeneratedMonoScriptInfo (0ms)
			ResolveRequiredComponents (7ms)
	FinalizeReload (851ms)
		ReleaseScriptCaches (0ms)
		RebuildScriptCaches (0ms)
		SetupLoadedEditorAssemblies (370ms)
			LogAssemblyErrors (0ms)
			InitializePlatformSupportModulesInManaged (5ms)
			SetLoadedEditorAssemblies (3ms)
			RefreshPlugins (0ms)
			BeforeProcessingInitializeOnLoad (59ms)
			ProcessInitializeOnLoadAttributes (237ms)
			ProcessInitializeOnLoadMethodAttributes (61ms)
			AfterProcessingInitializeOnLoad (5ms)
			EditorAssembliesLoaded (0ms)
		ExecutionOrderSort2 (0ms)
		AwakeInstancesAfterBackupRestoration (15ms)
Refreshing native plugins compatible for Editor in 4.39 ms, found 4 plugins.
Preloading 0 native plugins for Editor in 0.00 ms.
Unloading 5599 Unused Serialized files (Serialized files now loaded: 0)
Unloading 55 unused Assets / (504.6 KB). Loaded Objects now: 6361.
Memory consumption went from 226.8 MB to 226.3 MB.
Total: 3.276400 ms (FindLiveObjects: 0.472100 ms CreateObjectMapping: 0.256200 ms MarkObjects: 2.346400 ms  DeleteObjects: 0.200700 ms)

Prepare: number of updated asset objects reloaded= 0
AssetImportParameters requested are different than current active one (requested -> active):
  custom:container-demuxer-ogg: 62fdf1f143b41e24485cea50d1cbac27 -> 
  custom:scripting/monoscript/fileName/PauseMenuHandler.cs: 63e492578be54747d7921dad4c36f814 -> 98977a618776f7e77791ee16bf785989
  custom:video-codec-MediaFoundation-h265: 746d11721c4dcdbdad8f713fa42b33f4 -> 
  custom:scripting/monoscript/fileName/AudioManager.cs: 0aef3caba4c1c1b0bc8bd1dca2fef31d -> e8310be4479956b7ccf5d41d9f0f6e53
  custom:video-decoder-ogg-theora: a1e56fd34408186e4bbccfd4996cb3dc -> 
  custom:framework-win-MediaFoundation: 216162199b28c13a410421893ffa2e32 -> 
  custom:scripting/monoscript/fileName/DeathFader.cs: 2466b80cd45ad4ff1eceea3f7afb4fc2 -> a1c48ceb271907b04a569930300c62e4
  custom:scripting/monoscript/fileName/LevelEnd.cs: 85bb356e39eb49a3cc36d45d7f908727 -> ee9ee2140b089a518457b5cb8f10b0a0
  custom:scripting/monoscript/fileName/ScreenFader.cs: d02d8b3f4bbd1b4f598c8d0fb13ace6b -> fc03e10c61a24d3d1916b7f5183a02f9
  custom:CustomObjectIndexerAttribute: 62b5816608c3102f162a1797e29626cf -> 
  custom:container-demuxer-webm: 4f35f7cbe854078d1ac9338744f61a02 -> 
  custom:scripting/monoscript/fileName/TitleFader.cs: 54c0b1f21b53f8714bc3491d863865ee -> adf2dfb25fdb96e66c695fe36d69d572
  custom:scripting/monoscript/fileName/DeathScreenHandler.cs: 74837b7915a11ba4d092a78a243960cd -> c55f3c7568741d555a173bf01e12dc79
  custom:scripting/monoscript/fileName/GenRoom.cs: 78b0fa851693aa4c1bcfb99d20bc0743 -> ee35cd29df1ab96f74256605c20a4750
  custom:container-muxer-webm: aa71ff27fc2769a1b78a27578f13a17b -> 
  custom:video-decoder-webm-vp8: 9c59270c3fd7afecdb556c50c9e8de78 -> 
  custom:SearchIndexIgnoredProperties: e643bd26f0fe6173181afceb89e7c659 -> 
  custom:AudioImporter_EditorPlatform: d09bf68614088b80899f8185d706f6e7 -> 
  custom:scripting/monoscript/fileName/LevelGenerator.cs: 3c18f70e244c78b16dfddd0e0f10a8e6 -> 399fb986403f6e527e4745b8ddd079e9
  custom:scripting/monoscript/fileName/TitleScreenHandler.cs: 48b8b520db18a2082bc0083d2f6f7df1 -> 10a85f7abb7386c789e6b2d4cc5a24e0
  custom:video-encoder-webm-vp8: eb34c28f22e8b96e1ab97ce403110664 -> 
  custom:audio-decoder-ogg-vorbis: bf7c407c2cedff20999df2af8eb42d56 -> 
  custom:audio-encoder-webm-vorbis: bf7c407c2cedff20999df2af8eb42d56 -> 
========================================================================
Received Prepare
Begin MonoManager ReloadAssembly
- Loaded All Assemblies, in  0.357 seconds
Refreshing native plugins compatible for Editor in 3.44 ms, found 4 plugins.
Native extension for WindowsStandalone target not found
[Package Manager] Server::EnsureServerProcessIsRunning -- launch failed, reason: Unity was launched with the -noUpm command-line argument
[Package Manager] UpmClient::Send -- Unable to send message (not connected to UPM process).
[Package Manager] Cannot connect to Unity Package Manager local server
Mono: successfully reloaded assembly
- Finished resetting the current domain, in  0.826 seconds
Domain Reload Profiling: 1181ms
	BeginReloadAssembly (114ms)
		ExecutionOrderSort (0ms)
		DisableScriptedObjects (7ms)
		BackupInstance (0ms)
		ReleaseScriptingObjects (0ms)
		CreateAndSetChildDomain (27ms)
	RebuildCommonClasses (21ms)
	RebuildNativeTypeToScriptingClass (8ms)
	initialDomainReloadingComplete (20ms)
	LoadAllAssembliesAndSetupDomain (192ms)
		LoadAssemblies (216ms)
		RebuildTransferFunctionScriptingTraits (0ms)
		AnalyzeDomain (31ms)
			TypeCache.Refresh (8ms)
				TypeCache.ScanAssembly (1ms)
			ScanForSourceGeneratedMonoScriptInfo (15ms)
			ResolveRequiredComponents (7ms)
	FinalizeReload (827ms)
		ReleaseScriptCaches (0ms)
		RebuildScriptCaches (0ms)
		SetupLoadedEditorAssemblies (341ms)
			LogAssemblyErrors (0ms)
			InitializePlatformSupportModulesInManaged (4ms)
			SetLoadedEditorAssemblies (3ms)
			RefreshPlugins (0ms)
			BeforeProcessingInitializeOnLoad (58ms)
			ProcessInitializeOnLoadAttributes (218ms)
			ProcessInitializeOnLoadMethodAttributes (53ms)
			AfterProcessingInitializeOnLoad (4ms)
			EditorAssembliesLoaded (0ms)
		ExecutionOrderSort2 (0ms)
		AwakeInstancesAfterBackupRestoration (11ms)
Refreshing native plugins compatible for Editor in 3.06 ms, found 4 plugins.
Preloading 0 native plugins for Editor in 0.00 ms.
Unloading 5599 Unused Serialized files (Serialized files now loaded: 0)
Unloading 55 unused Assets / (504.0 KB). Loaded Objects now: 6366.
Memory consumption went from 228.6 MB to 228.1 MB.
Total: 2.759400 ms (FindLiveObjects: 0.313500 ms CreateObjectMapping: 0.182900 ms MarkObjects: 2.088000 ms  DeleteObjects: 0.174200 ms)

Prepare: number of updated asset objects reloaded= 0
AssetImportParameters requested are different than current active one (requested -> active):
  custom:container-demuxer-ogg: 62fdf1f143b41e24485cea50d1cbac27 -> 
  custom:scripting/monoscript/fileName/PauseMenuHandler.cs: 63e492578be54747d7921dad4c36f814 -> 98977a618776f7e77791ee16bf785989
  custom:video-codec-MediaFoundation-h265: 746d11721c4dcdbdad8f713fa42b33f4 -> 
  custom:scripting/monoscript/fileName/AudioManager.cs: 0aef3caba4c1c1b0bc8bd1dca2fef31d -> e8310be4479956b7ccf5d41d9f0f6e53
  custom:video-decoder-ogg-theora: a1e56fd34408186e4bbccfd4996cb3dc -> 
  custom:framework-win-MediaFoundation: 216162199b28c13a410421893ffa2e32 -> 
  custom:scripting/monoscript/fileName/DeathFader.cs: 2466b80cd45ad4ff1eceea3f7afb4fc2 -> a1c48ceb271907b04a569930300c62e4
  custom:scripting/monoscript/fileName/LevelEnd.cs: 85bb356e39eb49a3cc36d45d7f908727 -> ee9ee2140b089a518457b5cb8f10b0a0
  custom:scripting/monoscript/fileName/ScreenFader.cs: d02d8b3f4bbd1b4f598c8d0fb13ace6b -> fc03e10c61a24d3d1916b7f5183a02f9
  custom:CustomObjectIndexerAttribute: 62b5816608c3102f162a1797e29626cf -> 
  custom:container-demuxer-webm: 4f35f7cbe854078d1ac9338744f61a02 -> 
  custom:scripting/monoscript/fileName/TitleFader.cs: 54c0b1f21b53f8714bc3491d863865ee -> adf2dfb25fdb96e66c695fe36d69d572
  custom:scripting/monoscript/fileName/DeathScreenHandler.cs: 74837b7915a11ba4d092a78a243960cd -> c55f3c7568741d555a173bf01e12dc79
  custom:scripting/monoscript/fileName/GenRoom.cs: 78b0fa851693aa4c1bcfb99d20bc0743 -> ee35cd29df1ab96f74256605c20a4750
  custom:container-muxer-webm: aa71ff27fc2769a1b78a27578f13a17b -> 
  custom:video-decoder-webm-vp8: 9c59270c3fd7afecdb556c50c9e8de78 -> 
  custom:SearchIndexIgnoredProperties: e643bd26f0fe6173181afceb89e7c659 -> 
  custom:AudioImporter_EditorPlatform: d09bf68614088b80899f8185d706f6e7 -> 
  custom:scripting/monoscript/fileName/LevelGenerator.cs: 3c18f70e244c78b16dfddd0e0f10a8e6 -> 399fb986403f6e527e4745b8ddd079e9
  custom:scripting/monoscript/fileName/TitleScreenHandler.cs: 48b8b520db18a2082bc0083d2f6f7df1 -> 10a85f7abb7386c789e6b2d4cc5a24e0
  custom:video-encoder-webm-vp8: eb34c28f22e8b96e1ab97ce403110664 -> 
  custom:audio-decoder-ogg-vorbis: bf7c407c2cedff20999df2af8eb42d56 -> 
  custom:audio-encoder-webm-vorbis: bf7c407c2cedff20999df2af8eb42d56 -> 
========================================================================
Received Prepare
Begin MonoManager ReloadAssembly
- Loaded All Assemblies, in  0.329 seconds
Refreshing native plugins compatible for Editor in 3.22 ms, found 4 plugins.
Native extension for WindowsStandalone target not found
[Package Manager] Server::EnsureServerProcessIsRunning -- launch failed, reason: Unity was launched with the -noUpm command-line argument
[Package Manager] UpmClient::Send -- Unable to send message (not connected to UPM process).
[Package Manager] Cannot connect to Unity Package Manager local server
Mono: successfully reloaded assembly
- Finished resetting the current domain, in  0.826 seconds
Domain Reload Profiling: 1153ms
	BeginReloadAssembly (114ms)
		ExecutionOrderSort (0ms)
		DisableScriptedObjects (7ms)
		BackupInstance (0ms)
		ReleaseScriptingObjects (0ms)
		CreateAndSetChildDomain (29ms)
	RebuildCommonClasses (20ms)
	RebuildNativeTypeToScriptingClass (7ms)
	initialDomainReloadingComplete (19ms)
	LoadAllAssembliesAndSetupDomain (166ms)
		LoadAssemblies (207ms)
		RebuildTransferFunctionScriptingTraits (0ms)
		AnalyzeDomain (14ms)
			TypeCache.Refresh (5ms)
				TypeCache.ScanAssembly (0ms)
			ScanForSourceGeneratedMonoScriptInfo (0ms)
			ResolveRequiredComponents (7ms)
	FinalizeReload (827ms)
		ReleaseScriptCaches (0ms)
		RebuildScriptCaches (0ms)
		SetupLoadedEditorAssemblies (355ms)
			LogAssemblyErrors (0ms)
			InitializePlatformSupportModulesInManaged (5ms)
			SetLoadedEditorAssemblies (4ms)
			RefreshPlugins (0ms)
			BeforeProcessingInitializeOnLoad (60ms)
			ProcessInitializeOnLoadAttributes (221ms)
			ProcessInitializeOnLoadMethodAttributes (61ms)
			AfterProcessingInitializeOnLoad (5ms)
			EditorAssembliesLoaded (0ms)
		ExecutionOrderSort2 (0ms)
		AwakeInstancesAfterBackupRestoration (14ms)
Refreshing native plugins compatible for Editor in 4.34 ms, found 4 plugins.
Preloading 0 native plugins for Editor in 0.00 ms.
Unloading 5599 Unused Serialized files (Serialized files now loaded: 0)
Unloading 55 unused Assets / (503.7 KB). Loaded Objects now: 6371.
Memory consumption went from 230.5 MB to 230.1 MB.
Total: 2.972800 ms (FindLiveObjects: 0.284100 ms CreateObjectMapping: 0.161200 ms MarkObjects: 2.337000 ms  DeleteObjects: 0.190000 ms)

Prepare: number of updated asset objects reloaded= 0
AssetImportParameters requested are different than current active one (requested -> active):
  custom:container-demuxer-ogg: 62fdf1f143b41e24485cea50d1cbac27 -> 
  custom:scripting/monoscript/fileName/PauseMenuHandler.cs: 63e492578be54747d7921dad4c36f814 -> 98977a618776f7e77791ee16bf785989
  custom:video-codec-MediaFoundation-h265: 746d11721c4dcdbdad8f713fa42b33f4 -> 
  custom:scripting/monoscript/fileName/AudioManager.cs: 0aef3caba4c1c1b0bc8bd1dca2fef31d -> e8310be4479956b7ccf5d41d9f0f6e53
  custom:video-decoder-ogg-theora: a1e56fd34408186e4bbccfd4996cb3dc -> 
  custom:framework-win-MediaFoundation: 216162199b28c13a410421893ffa2e32 -> 
  custom:scripting/monoscript/fileName/DeathFader.cs: 2466b80cd45ad4ff1eceea3f7afb4fc2 -> a1c48ceb271907b04a569930300c62e4
  custom:scripting/monoscript/fileName/LevelEnd.cs: 85bb356e39eb49a3cc36d45d7f908727 -> ee9ee2140b089a518457b5cb8f10b0a0
  custom:scripting/monoscript/fileName/ScreenFader.cs: d02d8b3f4bbd1b4f598c8d0fb13ace6b -> fc03e10c61a24d3d1916b7f5183a02f9
  custom:CustomObjectIndexerAttribute: 62b5816608c3102f162a1797e29626cf -> 
  custom:container-demuxer-webm: 4f35f7cbe854078d1ac9338744f61a02 -> 
  custom:scripting/monoscript/fileName/TitleFader.cs: 54c0b1f21b53f8714bc3491d863865ee -> adf2dfb25fdb96e66c695fe36d69d572
  custom:scripting/monoscript/fileName/DeathScreenHandler.cs: 74837b7915a11ba4d092a78a243960cd -> c55f3c7568741d555a173bf01e12dc79
  custom:scripting/monoscript/fileName/GenRoom.cs: 78b0fa851693aa4c1bcfb99d20bc0743 -> ee35cd29df1ab96f74256605c20a4750
  custom:container-muxer-webm: aa71ff27fc2769a1b78a27578f13a17b -> 
  custom:video-decoder-webm-vp8: 9c59270c3fd7afecdb556c50c9e8de78 -> 
  custom:SearchIndexIgnoredProperties: e643bd26f0fe6173181afceb89e7c659 -> 
  custom:AudioImporter_EditorPlatform: d09bf68614088b80899f8185d706f6e7 -> 
  custom:scripting/monoscript/fileName/LevelGenerator.cs: 3c18f70e244c78b16dfddd0e0f10a8e6 -> 399fb986403f6e527e4745b8ddd079e9
  custom:scripting/monoscript/fileName/TitleScreenHandler.cs: 48b8b520db18a2082bc0083d2f6f7df1 -> 10a85f7abb7386c789e6b2d4cc5a24e0
  custom:video-encoder-webm-vp8: eb34c28f22e8b96e1ab97ce403110664 -> 
  custom:audio-decoder-ogg-vorbis: bf7c407c2cedff20999df2af8eb42d56 -> 
  custom:audio-encoder-webm-vorbis: bf7c407c2cedff20999df2af8eb42d56 -> 
========================================================================
Received Prepare
Refreshing native plugins compatible for Editor in 3.13 ms, found 4 plugins.
Preloading 0 native plugins for Editor in 0.00 ms.
Unloading 8 Unused Serialized files (Serialized files now loaded: 0)
Unloading 8 unused Assets / (486.2 KB). Loaded Objects now: 6371.
Memory consumption went from 144.8 MB to 144.4 MB.
Total: 2.611300 ms (FindLiveObjects: 0.270600 ms CreateObjectMapping: 0.157000 ms MarkObjects: 2.047200 ms  DeleteObjects: 0.135800 ms)

Prepare: number of updated asset objects reloaded= 0
AssetImportParameters requested are different than current active one (requested -> active):
  custom:container-demuxer-ogg: 62fdf1f143b41e24485cea50d1cbac27 -> 
  custom:scripting/monoscript/fileName/PauseMenuHandler.cs: 63e492578be54747d7921dad4c36f814 -> 98977a618776f7e77791ee16bf785989
  custom:video-codec-MediaFoundation-h265: 746d11721c4dcdbdad8f713fa42b33f4 -> 
  custom:scripting/monoscript/fileName/AudioManager.cs: 0aef3caba4c1c1b0bc8bd1dca2fef31d -> e8310be4479956b7ccf5d41d9f0f6e53
  custom:video-decoder-ogg-theora: a1e56fd34408186e4bbccfd4996cb3dc -> 
  custom:framework-win-MediaFoundation: 216162199b28c13a410421893ffa2e32 -> 
  custom:scripting/monoscript/fileName/DeathFader.cs: 2466b80cd45ad4ff1eceea3f7afb4fc2 -> a1c48ceb271907b04a569930300c62e4
  custom:scripting/monoscript/fileName/LevelEnd.cs: 85bb356e39eb49a3cc36d45d7f908727 -> ee9ee2140b089a518457b5cb8f10b0a0
  custom:scripting/monoscript/fileName/ScreenFader.cs: d02d8b3f4bbd1b4f598c8d0fb13ace6b -> fc03e10c61a24d3d1916b7f5183a02f9
  custom:CustomObjectIndexerAttribute: 62b5816608c3102f162a1797e29626cf -> 
  custom:container-demuxer-webm: 4f35f7cbe854078d1ac9338744f61a02 -> 
  custom:scripting/monoscript/fileName/TitleFader.cs: 54c0b1f21b53f8714bc3491d863865ee -> adf2dfb25fdb96e66c695fe36d69d572
  custom:scripting/monoscript/fileName/DeathScreenHandler.cs: 74837b7915a11ba4d092a78a243960cd -> c55f3c7568741d555a173bf01e12dc79
  custom:scripting/monoscript/fileName/GenRoom.cs: 78b0fa851693aa4c1bcfb99d20bc0743 -> ee35cd29df1ab96f74256605c20a4750
  custom:container-muxer-webm: aa71ff27fc2769a1b78a27578f13a17b -> 
  custom:video-decoder-webm-vp8: 9c59270c3fd7afecdb556c50c9e8de78 -> 
  custom:SearchIndexIgnoredProperties: e643bd26f0fe6173181afceb89e7c659 -> 
  custom:AudioImporter_EditorPlatform: d09bf68614088b80899f8185d706f6e7 -> 
  custom:scripting/monoscript/fileName/LevelGenerator.cs: 3c18f70e244c78b16dfddd0e0f10a8e6 -> 399fb986403f6e527e4745b8ddd079e9
  custom:scripting/monoscript/fileName/TitleScreenHandler.cs: 48b8b520db18a2082bc0083d2f6f7df1 -> 10a85f7abb7386c789e6b2d4cc5a24e0
  custom:video-encoder-webm-vp8: eb34c28f22e8b96e1ab97ce403110664 -> 
  custom:audio-decoder-ogg-vorbis: bf7c407c2cedff20999df2af8eb42d56 -> 
  custom:audio-encoder-webm-vorbis: bf7c407c2cedff20999df2af8eb42d56 -> 
========================================================================
Received Prepare
Begin MonoManager ReloadAssembly
- Loaded All Assemblies, in  0.320 seconds
Refreshing native plugins compatible for Editor in 3.00 ms, found 4 plugins.
Native extension for WindowsStandalone target not found
[Package Manager] Server::EnsureServerProcessIsRunning -- launch failed, reason: Unity was launched with the -noUpm command-line argument
[Package Manager] UpmClient::Send -- Unable to send message (not connected to UPM process).
[Package Manager] Cannot connect to Unity Package Manager local server
Mono: successfully reloaded assembly
- Finished resetting the current domain, in  0.849 seconds
Domain Reload Profiling: 1166ms
	BeginReloadAssembly (112ms)
		ExecutionOrderSort (0ms)
		DisableScriptedObjects (7ms)
		BackupInstance (0ms)
		ReleaseScriptingObjects (0ms)
		CreateAndSetChildDomain (26ms)
	RebuildCommonClasses (19ms)
	RebuildNativeTypeToScriptingClass (7ms)
	initialDomainReloadingComplete (19ms)
	LoadAllAssembliesAndSetupDomain (160ms)
		LoadAssemblies (201ms)
		RebuildTransferFunctionScriptingTraits (0ms)
		AnalyzeDomain (13ms)
			TypeCache.Refresh (5ms)
				TypeCache.ScanAssembly (0ms)
			ScanForSourceGeneratedMonoScriptInfo (0ms)
			ResolveRequiredComponents (7ms)
	FinalizeReload (849ms)
		ReleaseScriptCaches (0ms)
		RebuildScriptCaches (0ms)
		SetupLoadedEditorAssemblies (381ms)
			LogAssemblyErrors (0ms)
			InitializePlatformSupportModulesInManaged (4ms)
			SetLoadedEditorAssemblies (4ms)
			RefreshPlugins (0ms)
			BeforeProcessingInitializeOnLoad (57ms)
			ProcessInitializeOnLoadAttributes (247ms)
			ProcessInitializeOnLoadMethodAttributes (64ms)
			AfterProcessingInitializeOnLoad (5ms)
			EditorAssembliesLoaded (0ms)
		ExecutionOrderSort2 (0ms)
		AwakeInstancesAfterBackupRestoration (15ms)
Refreshing native plugins compatible for Editor in 4.37 ms, found 4 plugins.
Preloading 0 native plugins for Editor in 0.00 ms.
Unloading 5599 Unused Serialized files (Serialized files now loaded: 0)
Unloading 55 unused Assets / (504.2 KB). Loaded Objects now: 6376.
Memory consumption went from 232.5 MB to 232.0 MB.
Total: 3.358900 ms (FindLiveObjects: 0.292300 ms CreateObjectMapping: 0.266300 ms MarkObjects: 2.609100 ms  DeleteObjects: 0.190300 ms)

Prepare: number of updated asset objects reloaded= 0
AssetImportParameters requested are different than current active one (requested -> active):
  custom:container-demuxer-ogg: 62fdf1f143b41e24485cea50d1cbac27 -> 
  custom:scripting/monoscript/fileName/PauseMenuHandler.cs: 63e492578be54747d7921dad4c36f814 -> 98977a618776f7e77791ee16bf785989
  custom:video-codec-MediaFoundation-h265: 746d11721c4dcdbdad8f713fa42b33f4 -> 
  custom:scripting/monoscript/fileName/AudioManager.cs: 0aef3caba4c1c1b0bc8bd1dca2fef31d -> e8310be4479956b7ccf5d41d9f0f6e53
  custom:video-decoder-ogg-theora: a1e56fd34408186e4bbccfd4996cb3dc -> 
  custom:framework-win-MediaFoundation: 216162199b28c13a410421893ffa2e32 -> 
  custom:scripting/monoscript/fileName/DeathFader.cs: 2466b80cd45ad4ff1eceea3f7afb4fc2 -> a1c48ceb271907b04a569930300c62e4
  custom:scripting/monoscript/fileName/LevelEnd.cs: 85bb356e39eb49a3cc36d45d7f908727 -> ee9ee2140b089a518457b5cb8f10b0a0
  custom:scripting/monoscript/fileName/ScreenFader.cs: d02d8b3f4bbd1b4f598c8d0fb13ace6b -> fc03e10c61a24d3d1916b7f5183a02f9
  custom:CustomObjectIndexerAttribute: 62b5816608c3102f162a1797e29626cf -> 
  custom:container-demuxer-webm: 4f35f7cbe854078d1ac9338744f61a02 -> 
  custom:scripting/monoscript/fileName/TitleFader.cs: 54c0b1f21b53f8714bc3491d863865ee -> adf2dfb25fdb96e66c695fe36d69d572
  custom:scripting/monoscript/fileName/DeathScreenHandler.cs: 74837b7915a11ba4d092a78a243960cd -> c55f3c7568741d555a173bf01e12dc79
  custom:scripting/monoscript/fileName/GenRoom.cs: 78b0fa851693aa4c1bcfb99d20bc0743 -> ee35cd29df1ab96f74256605c20a4750
  custom:container-muxer-webm: aa71ff27fc2769a1b78a27578f13a17b -> 
  custom:video-decoder-webm-vp8: 9c59270c3fd7afecdb556c50c9e8de78 -> 
  custom:SearchIndexIgnoredProperties: e643bd26f0fe6173181afceb89e7c659 -> 
  custom:AudioImporter_EditorPlatform: d09bf68614088b80899f8185d706f6e7 -> 
  custom:scripting/monoscript/fileName/LevelGenerator.cs: 3c18f70e244c78b16dfddd0e0f10a8e6 -> 399fb986403f6e527e4745b8ddd079e9
  custom:scripting/monoscript/fileName/TitleScreenHandler.cs: 48b8b520db18a2082bc0083d2f6f7df1 -> 10a85f7abb7386c789e6b2d4cc5a24e0
  custom:video-encoder-webm-vp8: eb34c28f22e8b96e1ab97ce403110664 -> 
  custom:audio-decoder-ogg-vorbis: bf7c407c2cedff20999df2af8eb42d56 -> 
  custom:audio-encoder-webm-vorbis: bf7c407c2cedff20999df2af8eb42d56 -> 
========================================================================
Received Prepare
Begin MonoManager ReloadAssembly
- Loaded All Assemblies, in  0.307 seconds
Refreshing native plugins compatible for Editor in 3.59 ms, found 4 plugins.
Native extension for WindowsStandalone target not found
[Package Manager] Server::EnsureServerProcessIsRunning -- launch failed, reason: Unity was launched with the -noUpm command-line argument
[Package Manager] UpmClient::Send -- Unable to send message (not connected to UPM process).
[Package Manager] Cannot connect to Unity Package Manager local server
Mono: successfully reloaded assembly
- Finished resetting the current domain, in  0.876 seconds
Domain Reload Profiling: 1181ms
	BeginReloadAssembly (106ms)
		ExecutionOrderSort (0ms)
		DisableScriptedObjects (7ms)
		BackupInstance (0ms)
		ReleaseScriptingObjects (0ms)
		CreateAndSetChildDomain (23ms)
	RebuildCommonClasses (19ms)
	RebuildNativeTypeToScriptingClass (7ms)
	initialDomainReloadingComplete (18ms)
	LoadAllAssembliesAndSetupDomain (155ms)
		LoadAssemblies (193ms)
		RebuildTransferFunctionScriptingTraits (0ms)
		AnalyzeDomain (13ms)
			TypeCache.Refresh (5ms)
				TypeCache.ScanAssembly (0ms)
			ScanForSourceGeneratedMonoScriptInfo (0ms)
			ResolveRequiredComponents (7ms)
	FinalizeReload (877ms)
		ReleaseScriptCaches (0ms)
		RebuildScriptCaches (0ms)
		SetupLoadedEditorAssemblies (400ms)
			LogAssemblyErrors (0ms)
			InitializePlatformSupportModulesInManaged (5ms)
			SetLoadedEditorAssemblies (3ms)
			RefreshPlugins (0ms)
			BeforeProcessingInitializeOnLoad (57ms)
			ProcessInitializeOnLoadAttributes (262ms)
			ProcessInitializeOnLoadMethodAttributes (68ms)
			AfterProcessingInitializeOnLoad (6ms)
			EditorAssembliesLoaded (0ms)
		ExecutionOrderSort2 (0ms)
		AwakeInstancesAfterBackupRestoration (15ms)
Refreshing native plugins compatible for Editor in 5.06 ms, found 4 plugins.
Preloading 0 native plugins for Editor in 0.00 ms.
Unloading 5599 Unused Serialized files (Serialized files now loaded: 0)
Unloading 55 unused Assets / (503.8 KB). Loaded Objects now: 6381.
Memory consumption went from 234.3 MB to 233.8 MB.
Total: 3.709300 ms (FindLiveObjects: 0.410000 ms CreateObjectMapping: 0.298400 ms MarkObjects: 2.678900 ms  DeleteObjects: 0.321100 ms)

Prepare: number of updated asset objects reloaded= 0
AssetImportParameters requested are different than current active one (requested -> active):
  custom:container-demuxer-ogg: 62fdf1f143b41e24485cea50d1cbac27 -> 
  custom:scripting/monoscript/fileName/PauseMenuHandler.cs: 63e492578be54747d7921dad4c36f814 -> 98977a618776f7e77791ee16bf785989
  custom:video-codec-MediaFoundation-h265: 746d11721c4dcdbdad8f713fa42b33f4 -> 
  custom:scripting/monoscript/fileName/AudioManager.cs: 0aef3caba4c1c1b0bc8bd1dca2fef31d -> e8310be4479956b7ccf5d41d9f0f6e53
  custom:video-decoder-ogg-theora: a1e56fd34408186e4bbccfd4996cb3dc -> 
  custom:framework-win-MediaFoundation: 216162199b28c13a410421893ffa2e32 -> 
  custom:scripting/monoscript/fileName/DeathFader.cs: 2466b80cd45ad4ff1eceea3f7afb4fc2 -> a1c48ceb271907b04a569930300c62e4
  custom:scripting/monoscript/fileName/LevelEnd.cs: 85bb356e39eb49a3cc36d45d7f908727 -> ee9ee2140b089a518457b5cb8f10b0a0
  custom:scripting/monoscript/fileName/ScreenFader.cs: d02d8b3f4bbd1b4f598c8d0fb13ace6b -> fc03e10c61a24d3d1916b7f5183a02f9
  custom:CustomObjectIndexerAttribute: 62b5816608c3102f162a1797e29626cf -> 
  custom:container-demuxer-webm: 4f35f7cbe854078d1ac9338744f61a02 -> 
  custom:scripting/monoscript/fileName/TitleFader.cs: 54c0b1f21b53f8714bc3491d863865ee -> adf2dfb25fdb96e66c695fe36d69d572
  custom:scripting/monoscript/fileName/DeathScreenHandler.cs: 74837b7915a11ba4d092a78a243960cd -> c55f3c7568741d555a173bf01e12dc79
  custom:scripting/monoscript/fileName/GenRoom.cs: 78b0fa851693aa4c1bcfb99d20bc0743 -> ee35cd29df1ab96f74256605c20a4750
  custom:container-muxer-webm: aa71ff27fc2769a1b78a27578f13a17b -> 
  custom:video-decoder-webm-vp8: 9c59270c3fd7afecdb556c50c9e8de78 -> 
  custom:SearchIndexIgnoredProperties: e643bd26f0fe6173181afceb89e7c659 -> 
  custom:AudioImporter_EditorPlatform: d09bf68614088b80899f8185d706f6e7 -> 
  custom:scripting/monoscript/fileName/LevelGenerator.cs: 3c18f70e244c78b16dfddd0e0f10a8e6 -> 399fb986403f6e527e4745b8ddd079e9
  custom:scripting/monoscript/fileName/TitleScreenHandler.cs: 48b8b520db18a2082bc0083d2f6f7df1 -> 10a85f7abb7386c789e6b2d4cc5a24e0
  custom:video-encoder-webm-vp8: eb34c28f22e8b96e1ab97ce403110664 -> 
  custom:audio-decoder-ogg-vorbis: bf7c407c2cedff20999df2af8eb42d56 -> 
  custom:audio-encoder-webm-vorbis: bf7c407c2cedff20999df2af8eb42d56 -> 
========================================================================
Received Prepare
Refreshing native plugins compatible for Editor in 3.17 ms, found 4 plugins.
Preloading 0 native plugins for Editor in 0.00 ms.
Unloading 8 Unused Serialized files (Serialized files now loaded: 0)
Unloading 8 unused Assets / (487.1 KB). Loaded Objects now: 6381.
Memory consumption went from 148.6 MB to 148.1 MB.
Total: 2.901000 ms (FindLiveObjects: 0.293000 ms CreateObjectMapping: 0.173700 ms MarkObjects: 2.275200 ms  DeleteObjects: 0.158400 ms)

Prepare: number of updated asset objects reloaded= 0
AssetImportParameters requested are different than current active one (requested -> active):
  custom:container-demuxer-ogg: 62fdf1f143b41e24485cea50d1cbac27 -> 
  custom:scripting/monoscript/fileName/PauseMenuHandler.cs: 63e492578be54747d7921dad4c36f814 -> 98977a618776f7e77791ee16bf785989
  custom:video-codec-MediaFoundation-h265: 746d11721c4dcdbdad8f713fa42b33f4 -> 
  custom:scripting/monoscript/fileName/AudioManager.cs: 0aef3caba4c1c1b0bc8bd1dca2fef31d -> e8310be4479956b7ccf5d41d9f0f6e53
  custom:video-decoder-ogg-theora: a1e56fd34408186e4bbccfd4996cb3dc -> 
  custom:framework-win-MediaFoundation: 216162199b28c13a410421893ffa2e32 -> 
  custom:scripting/monoscript/fileName/DeathFader.cs: 2466b80cd45ad4ff1eceea3f7afb4fc2 -> a1c48ceb271907b04a569930300c62e4
  custom:scripting/monoscript/fileName/LevelEnd.cs: 85bb356e39eb49a3cc36d45d7f908727 -> ee9ee2140b089a518457b5cb8f10b0a0
  custom:scripting/monoscript/fileName/ScreenFader.cs: d02d8b3f4bbd1b4f598c8d0fb13ace6b -> fc03e10c61a24d3d1916b7f5183a02f9
  custom:CustomObjectIndexerAttribute: 62b5816608c3102f162a1797e29626cf -> 
  custom:container-demuxer-webm: 4f35f7cbe854078d1ac9338744f61a02 -> 
  custom:scripting/monoscript/fileName/TitleFader.cs: 54c0b1f21b53f8714bc3491d863865ee -> adf2dfb25fdb96e66c695fe36d69d572
  custom:scripting/monoscript/fileName/DeathScreenHandler.cs: 74837b7915a11ba4d092a78a243960cd -> c55f3c7568741d555a173bf01e12dc79
  custom:scripting/monoscript/fileName/GenRoom.cs: 78b0fa851693aa4c1bcfb99d20bc0743 -> ee35cd29df1ab96f74256605c20a4750
  custom:container-muxer-webm: aa71ff27fc2769a1b78a27578f13a17b -> 
  custom:video-decoder-webm-vp8: 9c59270c3fd7afecdb556c50c9e8de78 -> 
  custom:SearchIndexIgnoredProperties: e643bd26f0fe6173181afceb89e7c659 -> 
  custom:AudioImporter_EditorPlatform: d09bf68614088b80899f8185d706f6e7 -> 
  custom:scripting/monoscript/fileName/LevelGenerator.cs: 3c18f70e244c78b16dfddd0e0f10a8e6 -> 399fb986403f6e527e4745b8ddd079e9
  custom:scripting/monoscript/fileName/TitleScreenHandler.cs: 48b8b520db18a2082bc0083d2f6f7df1 -> 10a85f7abb7386c789e6b2d4cc5a24e0
  custom:video-encoder-webm-vp8: eb34c28f22e8b96e1ab97ce403110664 -> 
  custom:audio-decoder-ogg-vorbis: bf7c407c2cedff20999df2af8eb42d56 -> 
  custom:audio-encoder-webm-vorbis: bf7c407c2cedff20999df2af8eb42d56 -> 
